{"numFailedTestSuites":0,"numFailedTests":0,"numPassedTestSuites":2,"numPassedTests":10,"numPendingTestSuites":0,"numPendingTests":0,"numRuntimeErrorTestSuites":0,"numTodoTests":0,"numTotalTestSuites":2,"numTotalTests":10,"openHandles":[],"snapshot":{"added":0,"didUpdate":false,"failure":false,"filesAdded":0,"filesRemoved":0,"filesRemovedList":[],"filesUnmatched":0,"filesUpdated":0,"matched":0,"total":0,"unchecked":0,"uncheckedKeysByFile":[],"unmatched":0,"updated":0},"startTime":1784267356265,"success":true,"testResults":[{"assertionResults":[{"ancestorTitles":["Econometrics Golden Fixtures"],"duration":29,"failing":false,"failureDetails":[],"failureMessages":[],"fullName":"Econometrics Golden Fixtures longley_ols_robust: Classic and HC1/2/3","invocations":1,"location":null,"numPassingAsserts":0,"retryReasons":[],"startAt":1784267358962,"status":"passed","title":"longley_ols_robust: Classic and HC1/2/3"},{"ancestorTitles":["Econometrics Golden Fixtures"],"duration":18,"failing":false,"failureDetails":[],"failureMessages":[],"fullName":"Econometrics Golden Fixtures grunfeld_fe: Within Estimator","invocations":1,"location":null,"numPassingAsserts":0,"retryReasons":[],"startAt":1784267358993,"status":"passed","title":"grunfeld_fe: Within Estimator"},{"ancestorTitles":["Econometrics Golden Fixtures"],"duration":19,"failing":false,"failureDetails":[],"failureMessages":[],"fullName":"Econometrics Golden Fixtures grunfeld_fe_clustered: Clustered by firm","invocations":1,"location":null,"numPassingAsserts":0,"retryReasons":[],"startAt":1784267359011,"status":"passed","title":"grunfeld_fe_clustered: Clustered by firm"},{"ancestorTitles":["Econometrics Golden Fixtures"],"duration":13,"failing":false,"failureDetails":[],"failureMessages":[],"fullName":"Econometrics Golden Fixtures grunfeld_re: Swamy-Arora","invocations":1,"location":null,"numPassingAsserts":0,"retryReasons":[],"startAt":1784267359030,"status":"passed","title":"grunfeld_re: Swamy-Arora"},{"ancestorTitles":["Econometrics Golden Fixtures"],"duration":104,"failing":false,"failureDetails":[],"failureMessages":[],"fullName":"Econometrics Golden Fixtures mroz_logit: Logistic Regression","invocations":1,"location":null,"numPassingAsserts":0,"retryReasons":[],"startAt":1784267359044,"status":"passed","title":"mroz_logit: Logistic Regression"},{"ancestorTitles":["Econometrics Golden Fixtures"],"duration":18,"failing":false,"failureDetails":[],"failureMessages":[],"fullName":"Econometrics Golden Fixtures grunfeld_ols_clustered: OLS Clustered","invocations":1,"location":null,"numPassingAsserts":0,"retryReasons":[],"startAt":1784267359149,"status":"passed","title":"grunfeld_ols_clustered: OLS Clustered"},{"ancestorTitles":["Econometrics Golden Fixtures"],"duration":395,"failing":false,"failureDetails":[],"failureMessages":[],"fullName":"Econometrics Golden Fixtures engel_quantile_median: Median Regression","invocations":1,"location":null,"numPassingAsserts":0,"retryReasons":[],"startAt":1784267359167,"status":"passed","title":"engel_quantile_median: Median Regression"}],"endTime":1784267359564,"message":"","name":"/app/applet/src/lib/econometrics/__tests__/golden.test.ts","startTime":1784267357481,"status":"passed","summary":""},{"assertionResults":[{"ancestorTitles":["NIST StRD Certification"],"duration":34,"failing":false,"failureDetails":[],"failureMessages":[],"fullName":"NIST StRD Certification Longley Dataset Certification","invocations":1,"location":null,"numPassingAsserts":2,"retryReasons":[],"startAt":1784267360761,"status":"passed","title":"Longley Dataset Certification"},{"ancestorTitles":["NIST StRD Certification"],"duration":6,"failing":false,"failureDetails":[],"failureMessages":[],"fullName":"NIST StRD Certification Wampler1 Dataset Certification","invocations":1,"location":null,"numPassingAsserts":1,"retryReasons":[],"startAt":1784267360796,"status":"passed","title":"Wampler1 Dataset Certification"},{"ancestorTitles":["NIST StRD Certification"],"duration":4,"failing":false,"failureDetails":[],"failureMessages":[],"fullName":"NIST StRD Certification Wampler2 Dataset Certification","invocations":1,"location":null,"numPassingAsserts":1,"retryReasons":[],"startAt":1784267360803,"status":"passed","title":"Wampler2 Dataset Certification"}],"endTime":1784267360808,"message":"","name":"/app/applet/src/lib/econometrics/__tests__/nist.test.ts","startTime":1784267359670,"status":"passed","summary":""}],"wasInterrupted":false,"coverageMap":{"/app/applet/src/lib/econometrics/count.ts":{"path":"/app/applet/src/lib/econometrics/count.ts","statementMap":{"0":{"start":{"line":8,"column":2},"end":{"line":8,"column":51}},"1":{"start":{"line":13,"column":2},"end":{"line":13,"column":23}},"2":{"start":{"line":13,"column":14},"end":{"line":13,"column":23}},"3":{"start":{"line":14,"column":15},"end":{"line":14,"column":16}},"4":{"start":{"line":15,"column":2},"end":{"line":17,"column":3}},"5":{"start":{"line":15,"column":15},"end":{"line":15,"column":16}},"6":{"start":{"line":16,"column":4},"end":{"line":16,"column":26}},"7":{"start":{"line":18,"column":2},"end":{"line":18,"column":16}},"8":{"start":{"line":27,"column":12},"end":{"line":27,"column":23}},"9":{"start":{"line":28,"column":12},"end":{"line":28,"column":53}},"10":{"start":{"line":29,"column":13},"end":{"line":29,"column":18}},"11":{"start":{"line":32,"column":12},"end":{"line":32,"column":57}},"12":{"start":{"line":32,"column":28},"end":{"line":32,"column":56}},"13":{"start":{"line":33,"column":24},"end":{"line":39,"column":4}},"14":{"start":{"line":34,"column":17},"end":{"line":34,"column":58}},"15":{"start":{"line":34,"column":32},"end":{"line":34,"column":57}},"16":{"start":{"line":35,"column":4},"end":{"line":37,"column":5}},"17":{"start":{"line":36,"column":6},"end":{"line":36,"column":26}},"18":{"start":{"line":38,"column":4},"end":{"line":38,"column":16}},"19":{"start":{"line":42,"column":13},"end":{"line":42,"column":31}},"20":{"start":{"line":45,"column":18},"end":{"line":45,"column":23}},"21":{"start":{"line":46,"column":18},"end":{"line":46,"column":20}},"22":{"start":{"line":47,"column":20},"end":{"line":47,"column":24}},"23":{"start":{"line":49,"column":16},"end":{"line":49,"column":60}},"24":{"start":{"line":49,"column":43},"end":{"line":49,"column":59}},"25":{"start":{"line":50,"column":22},"end":{"line":50,"column":23}},"26":{"start":{"line":52,"column":2},"end":{"line":154,"column":3}},"27":{"start":{"line":52,"column":18},"end":{"line":52,"column":19}},"28":{"start":{"line":54,"column":18},"end":{"line":54,"column":34}},"29":{"start":{"line":56,"column":14},"end":{"line":56,"column":58}},"30":{"start":{"line":56,"column":41},"end":{"line":56,"column":57}},"31":{"start":{"line":57,"column":20},"end":{"line":57,"column":21}},"32":{"start":{"line":59,"column":4},"end":{"line":81,"column":5}},"33":{"start":{"line":59,"column":17},"end":{"line":59,"column":18}},"34":{"start":{"line":60,"column":17},"end":{"line":60,"column":21}},"35":{"start":{"line":61,"column":17},"end":{"line":61,"column":26}},"36":{"start":{"line":62,"column":6},"end":{"line":62,"column":24}},"37":{"start":{"line":62,"column":15},"end":{"line":62,"column":24}},"38":{"start":{"line":65,"column":15},"end":{"line":65,"column":16}},"39":{"start":{"line":66,"column":6},"end":{"line":66,"column":70}},"40":{"start":{"line":66,"column":19},"end":{"line":66,"column":20}},"41":{"start":{"line":66,"column":34},"end":{"line":66,"column":70}},"42":{"start":{"line":68,"column":17},"end":{"line":68,"column":29}},"43":{"start":{"line":69,"column":6},"end":{"line":69,"column":63}},"44":{"start":{"line":71,"column":19},"end":{"line":71,"column":26}},"45":{"start":{"line":72,"column":6},"end":{"line":80,"column":7}},"46":{"start":{"line":72,"column":19},"end":{"line":72,"column":20}},"47":{"start":{"line":73,"column":8},"end":{"line":73,"column":57}},"48":{"start":{"line":74,"column":21},"end":{"line":74,"column":25}},"49":{"start":{"line":75,"column":8},"end":{"line":79,"column":9}},"50":{"start":{"line":76,"column":10},"end":{"line":78,"column":11}},"51":{"start":{"line":76,"column":23},"end":{"line":76,"column":24}},"52":{"start":{"line":77,"column":12},"end":{"line":77,"column":72}},"53":{"start":{"line":83,"column":4},"end":{"line":83,"column":30}},"54":{"start":{"line":86,"column":22},"end":{"line":86,"column":73}},"55":{"start":{"line":86,"column":57},"end":{"line":86,"column":68}},"56":{"start":{"line":89,"column":22},"end":{"line":93,"column":6}},"57":{"start":{"line":90,"column":15},"end":{"line":90,"column":16}},"58":{"start":{"line":91,"column":6},"end":{"line":91,"column":71}},"59":{"start":{"line":91,"column":19},"end":{"line":91,"column":20}},"60":{"start":{"line":91,"column":34},"end":{"line":91,"column":71}},"61":{"start":{"line":92,"column":6},"end":{"line":92,"column":26}},"62":{"start":{"line":95,"column":4},"end":{"line":99,"column":5}},"63":{"start":{"line":96,"column":6},"end":{"line":96,"column":23}},"64":{"start":{"line":97,"column":6},"end":{"line":97,"column":18}},"65":{"start":{"line":98,"column":6},"end":{"line":98,"column":12}},"66":{"start":{"line":102,"column":4},"end":{"line":153,"column":5}},"67":{"start":{"line":103,"column":20},"end":{"line":103,"column":52}},"68":{"start":{"line":103,"column":39},"end":{"line":103,"column":51}},"69":{"start":{"line":104,"column":21},"end":{"line":104,"column":73}},"70":{"start":{"line":104,"column":39},"end":{"line":104,"column":72}},"71":{"start":{"line":104,"column":52},"end":{"line":104,"column":71}},"72":{"start":{"line":105,"column":21},"end":{"line":110,"column":8}},"73":{"start":{"line":106,"column":21},"end":{"line":106,"column":28}},"74":{"start":{"line":107,"column":19},"end":{"line":107,"column":36}},"75":{"start":{"line":108,"column":19},"end":{"line":108,"column":32}},"76":{"start":{"line":109,"column":8},"end":{"line":109,"column":48}},"77":{"start":{"line":112,"column":19},"end":{"line":112,"column":42}},"78":{"start":{"line":113,"column":20},"end":{"line":113,"column":29}},"79":{"start":{"line":116,"column":24},"end":{"line":116,"column":67}},"80":{"start":{"line":116,"column":45},"end":{"line":116,"column":66}},"81":{"start":{"line":119,"column":21},"end":{"line":119,"column":24}},"82":{"start":{"line":120,"column":19},"end":{"line":120,"column":24}},"83":{"start":{"line":121,"column":6},"end":{"line":140,"column":7}},"84":{"start":{"line":122,"column":8},"end":{"line":122,"column":23}},"85":{"start":{"line":123,"column":25},"end":{"line":123,"column":79}},"86":{"start":{"line":123,"column":46},"end":{"line":123,"column":78}},"87":{"start":{"line":124,"column":8},"end":{"line":134,"column":9}},"88":{"start":{"line":124,"column":21},"end":{"line":124,"column":22}},"89":{"start":{"line":125,"column":19},"end":{"line":125,"column":20}},"90":{"start":{"line":126,"column":23},"end":{"line":126,"column":27}},"91":{"start":{"line":127,"column":10},"end":{"line":129,"column":11}},"92":{"start":{"line":128,"column":12},"end":{"line":128,"column":82}},"93":{"start":{"line":128,"column":25},"end":{"line":128,"column":26}},"94":{"start":{"line":128,"column":40},"end":{"line":128,"column":82}},"95":{"start":{"line":130,"column":10},"end":{"line":133,"column":11}},"96":{"start":{"line":131,"column":12},"end":{"line":131,"column":26}},"97":{"start":{"line":132,"column":12},"end":{"line":132,"column":18}},"98":{"start":{"line":135,"column":8},"end":{"line":138,"column":9}},"99":{"start":{"line":136,"column":10},"end":{"line":136,"column":33}},"100":{"start":{"line":137,"column":10},"end":{"line":137,"column":16}},"101":{"start":{"line":139,"column":8},"end":{"line":139,"column":24}},"102":{"start":{"line":142,"column":25},"end":{"line":142,"column":90}},"103":{"start":{"line":142,"column":60},"end":{"line":142,"column":85}},"104":{"start":{"line":143,"column":6},"end":{"line":143,"column":25}},"105":{"start":{"line":145,"column":6},"end":{"line":149,"column":7}},"106":{"start":{"line":146,"column":8},"end":{"line":146,"column":25}},"107":{"start":{"line":147,"column":8},"end":{"line":147,"column":20}},"108":{"start":{"line":148,"column":8},"end":{"line":148,"column":14}},"109":{"start":{"line":152,"column":6},"end":{"line":152,"column":12}},"110":{"start":{"line":157,"column":18},"end":{"line":157,"column":36}},"111":{"start":{"line":158,"column":2},"end":{"line":176,"column":3}},"112":{"start":{"line":159,"column":20},"end":{"line":163,"column":6}},"113":{"start":{"line":160,"column":15},"end":{"line":160,"column":16}},"114":{"start":{"line":161,"column":6},"end":{"line":161,"column":71}},"115":{"start":{"line":161,"column":19},"end":{"line":161,"column":20}},"116":{"start":{"line":161,"column":34},"end":{"line":161,"column":71}},"117":{"start":{"line":162,"column":6},"end":{"line":162,"column":26}},"118":{"start":{"line":164,"column":18},"end":{"line":164,"column":48}},"119":{"start":{"line":164,"column":35},"end":{"line":164,"column":47}},"120":{"start":{"line":165,"column":19},"end":{"line":165,"column":71}},"121":{"start":{"line":165,"column":37},"end":{"line":165,"column":70}},"122":{"start":{"line":165,"column":50},"end":{"line":165,"column":69}},"123":{"start":{"line":166,"column":20},"end":{"line":166,"column":38}},"124":{"start":{"line":167,"column":16},"end":{"line":167,"column":31}},"125":{"start":{"line":169,"column":4},"end":{"line":172,"column":7}},"126":{"start":{"line":170,"column":18},"end":{"line":170,"column":34}},"127":{"start":{"line":171,"column":6},"end":{"line":171,"column":45}},"128":{"start":{"line":175,"column":4},"end":{"line":175,"column":35}},"129":{"start":{"line":179,"column":19},"end":{"line":179,"column":69}},"130":{"start":{"line":180,"column":23},"end":{"line":195,"column":4}},"131":{"start":{"line":181,"column":16},"end":{"line":181,"column":30}},"132":{"start":{"line":182,"column":15},"end":{"line":182,"column":36}},"133":{"start":{"line":183,"column":18},"end":{"line":183,"column":41}},"134":{"start":{"line":184,"column":17},"end":{"line":184,"column":47}},"135":{"start":{"line":186,"column":4},"end":{"line":194,"column":6}},"136":{"start":{"line":199,"column":16},"end":{"line":199,"column":55}},"137":{"start":{"line":199,"column":35},"end":{"line":199,"column":47}},"138":{"start":{"line":200,"column":15},"end":{"line":200,"column":16}},"139":{"start":{"line":201,"column":2},"end":{"line":204,"column":3}},"140":{"start":{"line":201,"column":15},"end":{"line":201,"column":16}},"141":{"start":{"line":202,"column":17},"end":{"line":202,"column":26}},"142":{"start":{"line":203,"column":4},"end":{"line":203,"column":94}},"143":{"start":{"line":205,"column":19},"end":{"line":205,"column":60}},"144":{"start":{"line":208,"column":14},"end":{"line":208,"column":40}},"145":{"start":{"line":209,"column":14},"end":{"line":209,"column":50}},"146":{"start":{"line":211,"column":2},"end":{"line":245,"column":4}},"147":{"start":{"line":218,"column":15},"end":{"line":218,"column":16}},"148":{"start":{"line":219,"column":19},"end":{"line":219,"column":23}},"149":{"start":{"line":220,"column":6},"end":{"line":222,"column":7}},"150":{"start":{"line":221,"column":8},"end":{"line":221,"column":74}},"151":{"start":{"line":221,"column":21},"end":{"line":221,"column":22}},"152":{"start":{"line":221,"column":36},"end":{"line":221,"column":74}},"153":{"start":{"line":223,"column":6},"end":{"line":223,"column":56}},"154":{"start":{"line":226,"column":15},"end":{"line":226,"column":16}},"155":{"start":{"line":227,"column":19},"end":{"line":227,"column":23}},"156":{"start":{"line":228,"column":6},"end":{"line":230,"column":7}},"157":{"start":{"line":229,"column":8},"end":{"line":229,"column":74}},"158":{"start":{"line":229,"column":21},"end":{"line":229,"column":22}},"159":{"start":{"line":229,"column":36},"end":{"line":229,"column":74}},"160":{"start":{"line":231,"column":6},"end":{"line":231,"column":56}},"161":{"start":{"line":238,"column":15},"end":{"line":238,"column":16}},"162":{"start":{"line":239,"column":19},"end":{"line":239,"column":23}},"163":{"start":{"line":240,"column":6},"end":{"line":242,"column":7}},"164":{"start":{"line":241,"column":8},"end":{"line":241,"column":74}},"165":{"start":{"line":241,"column":21},"end":{"line":241,"column":22}},"166":{"start":{"line":241,"column":36},"end":{"line":241,"column":74}},"167":{"start":{"line":243,"column":6},"end":{"line":243,"column":37}},"168":{"start":{"line":257,"column":21},"end":{"line":257,"column":71}},"169":{"start":{"line":261,"column":12},"end":{"line":261,"column":23}},"170":{"start":{"line":262,"column":12},"end":{"line":262,"column":53}},"171":{"start":{"line":263,"column":13},"end":{"line":263,"column":18}},"172":{"start":{"line":264,"column":12},"end":{"line":264,"column":57}},"173":{"start":{"line":264,"column":28},"end":{"line":264,"column":56}},"174":{"start":{"line":266,"column":29},"end":{"line":266,"column":31}},"175":{"start":{"line":267,"column":30},"end":{"line":267,"column":32}},"176":{"start":{"line":269,"column":2},"end":{"line":281,"column":3}},"177":{"start":{"line":269,"column":15},"end":{"line":269,"column":16}},"178":{"start":{"line":270,"column":13},"end":{"line":270,"column":14}},"179":{"start":{"line":271,"column":4},"end":{"line":277,"column":7}},"180":{"start":{"line":272,"column":6},"end":{"line":276,"column":7}},"181":{"start":{"line":273,"column":8},"end":{"line":273,"column":28}},"182":{"start":{"line":275,"column":8},"end":{"line":275,"column":74}},"183":{"start":{"line":278,"column":15},"end":{"line":278,"column":27}},"184":{"start":{"line":279,"column":4},"end":{"line":279,"column":22}},"185":{"start":{"line":280,"column":4},"end":{"line":280,"column":37}},"186":{"start":{"line":284,"column":19},"end":{"line":284,"column":20}},"187":{"start":{"line":285,"column":2},"end":{"line":289,"column":3}},"188":{"start":{"line":285,"column":15},"end":{"line":285,"column":16}},"189":{"start":{"line":286,"column":14},"end":{"line":286,"column":31}},"190":{"start":{"line":287,"column":15},"end":{"line":287,"column":34}},"191":{"start":{"line":288,"column":4},"end":{"line":288,"column":43}},"192":{"start":{"line":290,"column":16},"end":{"line":290,"column":52}},"193":{"start":{"line":293,"column":16},"end":{"line":293,"column":59}},"194":{"start":{"line":293,"column":44},"end":{"line":293,"column":51}},"195":{"start":{"line":294,"column":31},"end":{"line":294,"column":59}},"196":{"start":{"line":296,"column":25},"end":{"line":308,"column":4}},"197":{"start":{"line":297,"column":15},"end":{"line":297,"column":51}},"198":{"start":{"line":298,"column":18},"end":{"line":298,"column":51}},"199":{"start":{"line":299,"column":17},"end":{"line":299,"column":47}},"200":{"start":{"line":300,"column":4},"end":{"line":307,"column":6}},"201":{"start":{"line":311,"column":22},"end":{"line":311,"column":23}},"202":{"start":{"line":312,"column":2},"end":{"line":326,"column":3}},"203":{"start":{"line":312,"column":15},"end":{"line":312,"column":16}},"204":{"start":{"line":313,"column":14},"end":{"line":313,"column":23}},"205":{"start":{"line":314,"column":15},"end":{"line":314,"column":34}},"206":{"start":{"line":319,"column":27},"end":{"line":319,"column":55}},"207":{"start":{"line":320,"column":22},"end":{"line":320,"column":42}},"208":{"start":{"line":321,"column":26},"end":{"line":321,"column":50}},"209":{"start":{"line":323,"column":4},"end":{"line":325,"column":60}},"210":{"start":{"line":328,"column":14},"end":{"line":328,"column":46}},"211":{"start":{"line":329,"column":14},"end":{"line":329,"column":56}},"212":{"start":{"line":331,"column":2},"end":{"line":337,"column":4}}},"fnMap":{"0":{"name":"Phi","decl":{"start":{"line":7,"column":9},"end":{"line":7,"column":12}},"loc":{"start":{"line":7,"column":22},"end":{"line":9,"column":1}}},"1":{"name":"logFactorial","decl":{"start":{"line":12,"column":9},"end":{"line":12,"column":21}},"loc":{"start":{"line":12,"column":31},"end":{"line":19,"column":1}}},"2":{"name":"runPoissonMLE","decl":{"start":{"line":21,"column":16},"end":{"line":21,"column":29}},"loc":{"start":{"line":25,"column":25},"end":{"line":246,"column":1}}},"3":{"name":"(anonymous_3)","decl":{"start":{"line":32,"column":21},"end":{"line":32,"column":24}},"loc":{"start":{"line":32,"column":28},"end":{"line":32,"column":56}}},"4":{"name":"(anonymous_4)","decl":{"start":{"line":33,"column":33},"end":{"line":33,"column":36}},"loc":{"start":{"line":33,"column":39},"end":{"line":39,"column":3}}},"5":{"name":"(anonymous_5)","decl":{"start":{"line":34,"column":27},"end":{"line":34,"column":28}},"loc":{"start":{"line":34,"column":32},"end":{"line":34,"column":57}}},"6":{"name":"(anonymous_6)","decl":{"start":{"line":49,"column":37},"end":{"line":49,"column":40}},"loc":{"start":{"line":49,"column":43},"end":{"line":49,"column":59}}},"7":{"name":"(anonymous_7)","decl":{"start":{"line":56,"column":35},"end":{"line":56,"column":38}},"loc":{"start":{"line":56,"column":41},"end":{"line":56,"column":57}}},"8":{"name":"(anonymous_8)","decl":{"start":{"line":86,"column":45},"end":{"line":86,"column":46}},"loc":{"start":{"line":86,"column":57},"end":{"line":86,"column":68}}},"9":{"name":"(anonymous_9)","decl":{"start":{"line":89,"column":28},"end":{"line":89,"column":31}},"loc":{"start":{"line":89,"column":34},"end":{"line":93,"column":5}}},"10":{"name":"(anonymous_10)","decl":{"start":{"line":103,"column":34},"end":{"line":103,"column":35}},"loc":{"start":{"line":103,"column":39},"end":{"line":103,"column":51}}},"11":{"name":"(anonymous_11)","decl":{"start":{"line":104,"column":27},"end":{"line":104,"column":28}},"loc":{"start":{"line":104,"column":39},"end":{"line":104,"column":72}}},"12":{"name":"(anonymous_12)","decl":{"start":{"line":104,"column":47},"end":{"line":104,"column":48}},"loc":{"start":{"line":104,"column":52},"end":{"line":104,"column":71}}},"13":{"name":"(anonymous_13)","decl":{"start":{"line":105,"column":27},"end":{"line":105,"column":28}},"loc":{"start":{"line":105,"column":37},"end":{"line":110,"column":7}}},"14":{"name":"(anonymous_14)","decl":{"start":{"line":116,"column":33},"end":{"line":116,"column":34}},"loc":{"start":{"line":116,"column":45},"end":{"line":116,"column":66}}},"15":{"name":"(anonymous_15)","decl":{"start":{"line":123,"column":34},"end":{"line":123,"column":35}},"loc":{"start":{"line":123,"column":46},"end":{"line":123,"column":78}}},"16":{"name":"(anonymous_16)","decl":{"start":{"line":142,"column":48},"end":{"line":142,"column":49}},"loc":{"start":{"line":142,"column":60},"end":{"line":142,"column":85}}},"17":{"name":"(anonymous_17)","decl":{"start":{"line":159,"column":26},"end":{"line":159,"column":29}},"loc":{"start":{"line":159,"column":32},"end":{"line":163,"column":5}}},"18":{"name":"(anonymous_18)","decl":{"start":{"line":164,"column":30},"end":{"line":164,"column":31}},"loc":{"start":{"line":164,"column":35},"end":{"line":164,"column":47}}},"19":{"name":"(anonymous_19)","decl":{"start":{"line":165,"column":25},"end":{"line":165,"column":26}},"loc":{"start":{"line":165,"column":37},"end":{"line":165,"column":70}}},"20":{"name":"(anonymous_20)","decl":{"start":{"line":165,"column":45},"end":{"line":165,"column":46}},"loc":{"start":{"line":165,"column":50},"end":{"line":165,"column":69}}},"21":{"name":"(anonymous_21)","decl":{"start":{"line":169,"column":37},"end":{"line":169,"column":38}},"loc":{"start":{"line":169,"column":46},"end":{"line":172,"column":5}}},"22":{"name":"(anonymous_22)","decl":{"start":{"line":180,"column":36},"end":{"line":180,"column":37}},"loc":{"start":{"line":180,"column":50},"end":{"line":195,"column":3}}},"23":{"name":"(anonymous_23)","decl":{"start":{"line":199,"column":25},"end":{"line":199,"column":26}},"loc":{"start":{"line":199,"column":35},"end":{"line":199,"column":47}}},"24":{"name":"(anonymous_24)","decl":{"start":{"line":217,"column":29},"end":{"line":217,"column":30}},"loc":{"start":{"line":217,"column":43},"end":{"line":224,"column":5}}},"25":{"name":"(anonymous_25)","decl":{"start":{"line":225,"column":18},"end":{"line":225,"column":19}},"loc":{"start":{"line":225,"column":32},"end":{"line":232,"column":5}}},"26":{"name":"(anonymous_26)","decl":{"start":{"line":237,"column":21},"end":{"line":237,"column":22}},"loc":{"start":{"line":237,"column":30},"end":{"line":244,"column":5}}},"27":{"name":"runNegBinomialMLE","decl":{"start":{"line":248,"column":16},"end":{"line":248,"column":33}},"loc":{"start":{"line":252,"column":25},"end":{"line":338,"column":1}}},"28":{"name":"(anonymous_28)","decl":{"start":{"line":264,"column":21},"end":{"line":264,"column":24}},"loc":{"start":{"line":264,"column":28},"end":{"line":264,"column":56}}},"29":{"name":"(anonymous_29)","decl":{"start":{"line":271,"column":36},"end":{"line":271,"column":37}},"loc":{"start":{"line":271,"column":45},"end":{"line":277,"column":5}}},"30":{"name":"(anonymous_30)","decl":{"start":{"line":293,"column":32},"end":{"line":293,"column":33}},"loc":{"start":{"line":293,"column":44},"end":{"line":293,"column":51}}},"31":{"name":"(anonymous_31)","decl":{"start":{"line":296,"column":53},"end":{"line":296,"column":57}},"loc":{"start":{"line":296,"column":60},"end":{"line":308,"column":3}}}},"branchMap":{"0":{"loc":{"start":{"line":13,"column":2},"end":{"line":13,"column":23}},"type":"if","locations":[{"start":{"line":13,"column":2},"end":{"line":13,"column":23}},{"start":{},"end":{}}]},"1":{"loc":{"start":{"line":25,"column":2},"end":{"line":25,"column":25}},"type":"default-arg","locations":[{"start":{"line":25,"column":21},"end":{"line":25,"column":25}}]},"2":{"loc":{"start":{"line":28,"column":28},"end":{"line":28,"column":52}},"type":"cond-expr","locations":[{"start":{"line":28,"column":47},"end":{"line":28,"column":48}},{"start":{"line":28,"column":51},"end":{"line":28,"column":52}}]},"3":{"loc":{"start":{"line":32,"column":39},"end":{"line":32,"column":55}},"type":"binary-expr","locations":[{"start":{"line":32,"column":39},"end":{"line":32,"column":48}},{"start":{"line":32,"column":52},"end":{"line":32,"column":55}}]},"4":{"loc":{"start":{"line":34,"column":43},"end":{"line":34,"column":56}},"type":"binary-expr","locations":[{"start":{"line":34,"column":43},"end":{"line":34,"column":49}},{"start":{"line":34,"column":53},"end":{"line":34,"column":56}}]},"5":{"loc":{"start":{"line":35,"column":4},"end":{"line":37,"column":5}},"type":"if","locations":[{"start":{"line":35,"column":4},"end":{"line":37,"column":5}},{"start":{},"end":{}}]},"6":{"loc":{"start":{"line":61,"column":17},"end":{"line":61,"column":26}},"type":"binary-expr","locations":[{"start":{"line":61,"column":17},"end":{"line":61,"column":21}},{"start":{"line":61,"column":25},"end":{"line":61,"column":26}}]},"7":{"loc":{"start":{"line":62,"column":6},"end":{"line":62,"column":24}},"type":"if","locations":[{"start":{"line":62,"column":6},"end":{"line":62,"column":24}},{"start":{},"end":{}}]},"8":{"loc":{"start":{"line":66,"column":41},"end":{"line":66,"column":51}},"type":"binary-expr","locations":[{"start":{"line":66,"column":41},"end":{"line":66,"column":46}},{"start":{"line":66,"column":50},"end":{"line":66,"column":51}}]},"9":{"loc":{"start":{"line":66,"column":56},"end":{"line":66,"column":68}},"type":"binary-expr","locations":[{"start":{"line":66,"column":56},"end":{"line":66,"column":63}},{"start":{"line":66,"column":67},"end":{"line":66,"column":68}}]},"10":{"loc":{"start":{"line":73,"column":20},"end":{"line":73,"column":33}},"type":"binary-expr","locations":[{"start":{"line":73,"column":20},"end":{"line":73,"column":28}},{"start":{"line":73,"column":32},"end":{"line":73,"column":33}}]},"11":{"loc":{"start":{"line":73,"column":45},"end":{"line":73,"column":55}},"type":"binary-expr","locations":[{"start":{"line":73,"column":45},"end":{"line":73,"column":50}},{"start":{"line":73,"column":54},"end":{"line":73,"column":55}}]},"12":{"loc":{"start":{"line":75,"column":8},"end":{"line":79,"column":9}},"type":"if","locations":[{"start":{"line":75,"column":8},"end":{"line":79,"column":9}},{"start":{},"end":{}}]},"13":{"loc":{"start":{"line":77,"column":23},"end":{"line":77,"column":35}},"type":"binary-expr","locations":[{"start":{"line":77,"column":23},"end":{"line":77,"column":30}},{"start":{"line":77,"column":34},"end":{"line":77,"column":35}}]},"14":{"loc":{"start":{"line":77,"column":45},"end":{"line":77,"column":55}},"type":"binary-expr","locations":[{"start":{"line":77,"column":45},"end":{"line":77,"column":50}},{"start":{"line":77,"column":54},"end":{"line":77,"column":55}}]},"15":{"loc":{"start":{"line":77,"column":60},"end":{"line":77,"column":70}},"type":"binary-expr","locations":[{"start":{"line":77,"column":60},"end":{"line":77,"column":65}},{"start":{"line":77,"column":69},"end":{"line":77,"column":70}}]},"16":{"loc":{"start":{"line":91,"column":41},"end":{"line":91,"column":52}},"type":"binary-expr","locations":[{"start":{"line":91,"column":41},"end":{"line":91,"column":47}},{"start":{"line":91,"column":51},"end":{"line":91,"column":52}}]},"17":{"loc":{"start":{"line":91,"column":57},"end":{"line":91,"column":69}},"type":"binary-expr","locations":[{"start":{"line":91,"column":57},"end":{"line":91,"column":64}},{"start":{"line":91,"column":68},"end":{"line":91,"column":69}}]},"18":{"loc":{"start":{"line":95,"column":4},"end":{"line":99,"column":5}},"type":"if","locations":[{"start":{"line":95,"column":4},"end":{"line":99,"column":5}},{"start":{},"end":{}}]},"19":{"loc":{"start":{"line":104,"column":57},"end":{"line":104,"column":70}},"type":"binary-expr","locations":[{"start":{"line":104,"column":57},"end":{"line":104,"column":65}},{"start":{"line":104,"column":69},"end":{"line":104,"column":70}}]},"20":{"loc":{"start":{"line":106,"column":21},"end":{"line":106,"column":28}},"type":"binary-expr","locations":[{"start":{"line":106,"column":21},"end":{"line":106,"column":23}},{"start":{"line":106,"column":27},"end":{"line":106,"column":28}}]},"21":{"loc":{"start":{"line":107,"column":19},"end":{"line":107,"column":36}},"type":"binary-expr","locations":[{"start":{"line":107,"column":19},"end":{"line":107,"column":31}},{"start":{"line":107,"column":35},"end":{"line":107,"column":36}}]},"22":{"loc":{"start":{"line":108,"column":19},"end":{"line":108,"column":32}},"type":"binary-expr","locations":[{"start":{"line":108,"column":19},"end":{"line":108,"column":27}},{"start":{"line":108,"column":31},"end":{"line":108,"column":32}}]},"23":{"loc":{"start":{"line":116,"column":50},"end":{"line":116,"column":65}},"type":"binary-expr","locations":[{"start":{"line":116,"column":50},"end":{"line":116,"column":60}},{"start":{"line":116,"column":64},"end":{"line":116,"column":65}}]},"24":{"loc":{"start":{"line":123,"column":62},"end":{"line":123,"column":77}},"type":"binary-expr","locations":[{"start":{"line":123,"column":62},"end":{"line":123,"column":72}},{"start":{"line":123,"column":76},"end":{"line":123,"column":77}}]},"25":{"loc":{"start":{"line":127,"column":10},"end":{"line":129,"column":11}},"type":"if","locations":[{"start":{"line":127,"column":10},"end":{"line":129,"column":11}},{"start":{},"end":{}}]},"26":{"loc":{"start":{"line":128,"column":47},"end":{"line":128,"column":59}},"type":"binary-expr","locations":[{"start":{"line":128,"column":47},"end":{"line":128,"column":54}},{"start":{"line":128,"column":58},"end":{"line":128,"column":59}}]},"27":{"loc":{"start":{"line":128,"column":64},"end":{"line":128,"column":80}},"type":"binary-expr","locations":[{"start":{"line":128,"column":64},"end":{"line":128,"column":75}},{"start":{"line":128,"column":79},"end":{"line":128,"column":80}}]},"28":{"loc":{"start":{"line":130,"column":10},"end":{"line":133,"column":11}},"type":"if","locations":[{"start":{"line":130,"column":10},"end":{"line":133,"column":11}},{"start":{},"end":{}}]},"29":{"loc":{"start":{"line":130,"column":14},"end":{"line":130,"column":63}},"type":"binary-expr","locations":[{"start":{"line":130,"column":14},"end":{"line":130,"column":23}},{"start":{"line":130,"column":27},"end":{"line":130,"column":40}},{"start":{"line":130,"column":44},"end":{"line":130,"column":63}}]},"30":{"loc":{"start":{"line":135,"column":8},"end":{"line":138,"column":9}},"type":"if","locations":[{"start":{"line":135,"column":8},"end":{"line":138,"column":9}},{"start":{},"end":{}}]},"31":{"loc":{"start":{"line":142,"column":67},"end":{"line":142,"column":73}},"type":"binary-expr","locations":[{"start":{"line":142,"column":67},"end":{"line":142,"column":68}},{"start":{"line":142,"column":72},"end":{"line":142,"column":73}}]},"32":{"loc":{"start":{"line":142,"column":78},"end":{"line":142,"column":84}},"type":"binary-expr","locations":[{"start":{"line":142,"column":78},"end":{"line":142,"column":79}},{"start":{"line":142,"column":83},"end":{"line":142,"column":84}}]},"33":{"loc":{"start":{"line":145,"column":6},"end":{"line":149,"column":7}},"type":"if","locations":[{"start":{"line":145,"column":6},"end":{"line":149,"column":7}},{"start":{},"end":{}}]},"34":{"loc":{"start":{"line":161,"column":41},"end":{"line":161,"column":52}},"type":"binary-expr","locations":[{"start":{"line":161,"column":41},"end":{"line":161,"column":47}},{"start":{"line":161,"column":51},"end":{"line":161,"column":52}}]},"35":{"loc":{"start":{"line":161,"column":57},"end":{"line":161,"column":69}},"type":"binary-expr","locations":[{"start":{"line":161,"column":57},"end":{"line":161,"column":64}},{"start":{"line":161,"column":68},"end":{"line":161,"column":69}}]},"36":{"loc":{"start":{"line":165,"column":55},"end":{"line":165,"column":68}},"type":"binary-expr","locations":[{"start":{"line":165,"column":55},"end":{"line":165,"column":63}},{"start":{"line":165,"column":67},"end":{"line":165,"column":68}}]},"37":{"loc":{"start":{"line":170,"column":18},"end":{"line":170,"column":34}},"type":"binary-expr","locations":[{"start":{"line":170,"column":18},"end":{"line":170,"column":29}},{"start":{"line":170,"column":33},"end":{"line":170,"column":34}}]},"38":{"loc":{"start":{"line":171,"column":13},"end":{"line":171,"column":44}},"type":"cond-expr","locations":[{"start":{"line":171,"column":23},"end":{"line":171,"column":37}},{"start":{"line":171,"column":40},"end":{"line":171,"column":44}}]},"39":{"loc":{"start":{"line":179,"column":19},"end":{"line":179,"column":69}},"type":"cond-expr","locations":[{"start":{"line":179,"column":38},"end":{"line":179,"column":61}},{"start":{"line":179,"column":64},"end":{"line":179,"column":69}}]},"40":{"loc":{"start":{"line":181,"column":16},"end":{"line":181,"column":30}},"type":"binary-expr","locations":[{"start":{"line":181,"column":16},"end":{"line":181,"column":25}},{"start":{"line":181,"column":29},"end":{"line":181,"column":30}}]},"41":{"loc":{"start":{"line":182,"column":15},"end":{"line":182,"column":36}},"type":"binary-expr","locations":[{"start":{"line":182,"column":15},"end":{"line":182,"column":29}},{"start":{"line":182,"column":33},"end":{"line":182,"column":36}}]},"42":{"loc":{"start":{"line":183,"column":18},"end":{"line":183,"column":41}},"type":"cond-expr","locations":[{"start":{"line":183,"column":29},"end":{"line":183,"column":37}},{"start":{"line":183,"column":40},"end":{"line":183,"column":41}}]},"43":{"loc":{"start":{"line":199,"column":40},"end":{"line":199,"column":46}},"type":"binary-expr","locations":[{"start":{"line":199,"column":40},"end":{"line":199,"column":41}},{"start":{"line":199,"column":45},"end":{"line":199,"column":46}}]},"44":{"loc":{"start":{"line":202,"column":17},"end":{"line":202,"column":26}},"type":"binary-expr","locations":[{"start":{"line":202,"column":17},"end":{"line":202,"column":21}},{"start":{"line":202,"column":25},"end":{"line":202,"column":26}}]},"45":{"loc":{"start":{"line":220,"column":6},"end":{"line":222,"column":7}},"type":"if","locations":[{"start":{"line":220,"column":6},"end":{"line":222,"column":7}},{"start":{},"end":{}}]},"46":{"loc":{"start":{"line":221,"column":43},"end":{"line":221,"column":55}},"type":"binary-expr","locations":[{"start":{"line":221,"column":43},"end":{"line":221,"column":50}},{"start":{"line":221,"column":54},"end":{"line":221,"column":55}}]},"47":{"loc":{"start":{"line":221,"column":60},"end":{"line":221,"column":72}},"type":"binary-expr","locations":[{"start":{"line":221,"column":60},"end":{"line":221,"column":67}},{"start":{"line":221,"column":71},"end":{"line":221,"column":72}}]},"48":{"loc":{"start":{"line":223,"column":29},"end":{"line":223,"column":35}},"type":"binary-expr","locations":[{"start":{"line":223,"column":29},"end":{"line":223,"column":30}},{"start":{"line":223,"column":34},"end":{"line":223,"column":35}}]},"49":{"loc":{"start":{"line":228,"column":6},"end":{"line":230,"column":7}},"type":"if","locations":[{"start":{"line":228,"column":6},"end":{"line":230,"column":7}},{"start":{},"end":{}}]},"50":{"loc":{"start":{"line":229,"column":43},"end":{"line":229,"column":55}},"type":"binary-expr","locations":[{"start":{"line":229,"column":43},"end":{"line":229,"column":50}},{"start":{"line":229,"column":54},"end":{"line":229,"column":55}}]},"51":{"loc":{"start":{"line":229,"column":60},"end":{"line":229,"column":72}},"type":"binary-expr","locations":[{"start":{"line":229,"column":60},"end":{"line":229,"column":67}},{"start":{"line":229,"column":71},"end":{"line":229,"column":72}}]},"52":{"loc":{"start":{"line":231,"column":29},"end":{"line":231,"column":35}},"type":"binary-expr","locations":[{"start":{"line":231,"column":29},"end":{"line":231,"column":30}},{"start":{"line":231,"column":34},"end":{"line":231,"column":35}}]},"53":{"loc":{"start":{"line":240,"column":6},"end":{"line":242,"column":7}},"type":"if","locations":[{"start":{"line":240,"column":6},"end":{"line":242,"column":7}},{"start":{},"end":{}}]},"54":{"loc":{"start":{"line":241,"column":43},"end":{"line":241,"column":55}},"type":"binary-expr","locations":[{"start":{"line":241,"column":43},"end":{"line":241,"column":50}},{"start":{"line":241,"column":54},"end":{"line":241,"column":55}}]},"55":{"loc":{"start":{"line":241,"column":60},"end":{"line":241,"column":72}},"type":"binary-expr","locations":[{"start":{"line":241,"column":60},"end":{"line":241,"column":67}},{"start":{"line":241,"column":71},"end":{"line":241,"column":72}}]},"56":{"loc":{"start":{"line":243,"column":14},"end":{"line":243,"column":20}},"type":"binary-expr","locations":[{"start":{"line":243,"column":14},"end":{"line":243,"column":15}},{"start":{"line":243,"column":19},"end":{"line":243,"column":20}}]},"57":{"loc":{"start":{"line":252,"column":2},"end":{"line":252,"column":25}},"type":"default-arg","locations":[{"start":{"line":252,"column":21},"end":{"line":252,"column":25}}]},"58":{"loc":{"start":{"line":262,"column":28},"end":{"line":262,"column":52}},"type":"cond-expr","locations":[{"start":{"line":262,"column":47},"end":{"line":262,"column":48}},{"start":{"line":262,"column":51},"end":{"line":262,"column":52}}]},"59":{"loc":{"start":{"line":264,"column":39},"end":{"line":264,"column":55}},"type":"binary-expr","locations":[{"start":{"line":264,"column":39},"end":{"line":264,"column":48}},{"start":{"line":264,"column":52},"end":{"line":264,"column":55}}]},"60":{"loc":{"start":{"line":272,"column":6},"end":{"line":276,"column":7}},"type":"if","locations":[{"start":{"line":272,"column":6},"end":{"line":276,"column":7}},{"start":{"line":274,"column":13},"end":{"line":276,"column":7}}]},"61":{"loc":{"start":{"line":275,"column":41},"end":{"line":275,"column":72}},"type":"binary-expr","locations":[{"start":{"line":275,"column":41},"end":{"line":275,"column":65}},{"start":{"line":275,"column":69},"end":{"line":275,"column":72}}]},"62":{"loc":{"start":{"line":280,"column":20},"end":{"line":280,"column":29}},"type":"binary-expr","locations":[{"start":{"line":280,"column":20},"end":{"line":280,"column":24}},{"start":{"line":280,"column":28},"end":{"line":280,"column":29}}]},"63":{"loc":{"start":{"line":286,"column":14},"end":{"line":286,"column":31}},"type":"binary-expr","locations":[{"start":{"line":286,"column":14},"end":{"line":286,"column":26}},{"start":{"line":286,"column":30},"end":{"line":286,"column":31}}]},"64":{"loc":{"start":{"line":287,"column":15},"end":{"line":287,"column":34}},"type":"binary-expr","locations":[{"start":{"line":287,"column":15},"end":{"line":287,"column":26}},{"start":{"line":287,"column":30},"end":{"line":287,"column":34}}]},"65":{"loc":{"start":{"line":298,"column":18},"end":{"line":298,"column":51}},"type":"cond-expr","locations":[{"start":{"line":298,"column":29},"end":{"line":298,"column":47}},{"start":{"line":298,"column":50},"end":{"line":298,"column":51}}]},"66":{"loc":{"start":{"line":313,"column":14},"end":{"line":313,"column":23}},"type":"binary-expr","locations":[{"start":{"line":313,"column":14},"end":{"line":313,"column":18}},{"start":{"line":313,"column":22},"end":{"line":313,"column":23}}]},"67":{"loc":{"start":{"line":314,"column":15},"end":{"line":314,"column":34}},"type":"binary-expr","locations":[{"start":{"line":314,"column":15},"end":{"line":314,"column":26}},{"start":{"line":314,"column":30},"end":{"line":314,"column":34}}]}},"s":{"0":0,"1":0,"2":0,"3":0,"4":0,"5":0,"6":0,"7":0,"8":0,"9":0,"10":0,"11":0,"12":0,"13":0,"14":0,"15":0,"16":0,"17":0,"18":0,"19":0,"20":0,"21":0,"22":0,"23":0,"24":0,"25":0,"26":0,"27":0,"28":0,"29":0,"30":0,"31":0,"32":0,"33":0,"34":0,"35":0,"36":0,"37":0,"38":0,"39":0,"40":0,"41":0,"42":0,"43":0,"44":0,"45":0,"46":0,"47":0,"48":0,"49":0,"50":0,"51":0,"52":0,"53":0,"54":0,"55":0,"56":0,"57":0,"58":0,"59":0,"60":0,"61":0,"62":0,"63":0,"64":0,"65":0,"66":0,"67":0,"68":0,"69":0,"70":0,"71":0,"72":0,"73":0,"74":0,"75":0,"76":0,"77":0,"78":0,"79":0,"80":0,"81":0,"82":0,"83":0,"84":0,"85":0,"86":0,"87":0,"88":0,"89":0,"90":0,"91":0,"92":0,"93":0,"94":0,"95":0,"96":0,"97":0,"98":0,"99":0,"100":0,"101":0,"102":0,"103":0,"104":0,"105":0,"106":0,"107":0,"108":0,"109":0,"110":0,"111":0,"112":0,"113":0,"114":0,"115":0,"116":0,"117":0,"118":0,"119":0,"120":0,"121":0,"122":0,"123":0,"124":0,"125":0,"126":0,"127":0,"128":0,"129":0,"130":0,"131":0,"132":0,"133":0,"134":0,"135":0,"136":0,"137":0,"138":0,"139":0,"140":0,"141":0,"142":0,"143":0,"144":0,"145":0,"146":0,"147":0,"148":0,"149":0,"150":0,"151":0,"152":0,"153":0,"154":0,"155":0,"156":0,"157":0,"158":0,"159":0,"160":0,"161":0,"162":0,"163":0,"164":0,"165":0,"166":0,"167":0,"168":0,"169":0,"170":0,"171":0,"172":0,"173":0,"174":0,"175":0,"176":0,"177":0,"178":0,"179":0,"180":0,"181":0,"182":0,"183":0,"184":0,"185":0,"186":0,"187":0,"188":0,"189":0,"190":0,"191":0,"192":0,"193":0,"194":0,"195":0,"196":0,"197":0,"198":0,"199":0,"200":0,"201":0,"202":0,"203":0,"204":0,"205":0,"206":0,"207":0,"208":0,"209":0,"210":0,"211":0,"212":0},"f":{"0":0,"1":0,"2":0,"3":0,"4":0,"5":0,"6":0,"7":0,"8":0,"9":0,"10":0,"11":0,"12":0,"13":0,"14":0,"15":0,"16":0,"17":0,"18":0,"19":0,"20":0,"21":0,"22":0,"23":0,"24":0,"25":0,"26":0,"27":0,"28":0,"29":0,"30":0,"31":0},"b":{"0":[0,0],"1":[0],"2":[0,0],"3":[0,0],"4":[0,0],"5":[0,0],"6":[0,0],"7":[0,0],"8":[0,0],"9":[0,0],"10":[0,0],"11":[0,0],"12":[0,0],"13":[0,0],"14":[0,0],"15":[0,0],"16":[0,0],"17":[0,0],"18":[0,0],"19":[0,0],"20":[0,0],"21":[0,0],"22":[0,0],"23":[0,0],"24":[0,0],"25":[0,0],"26":[0,0],"27":[0,0],"28":[0,0],"29":[0,0,0],"30":[0,0],"31":[0,0],"32":[0,0],"33":[0,0],"34":[0,0],"35":[0,0],"36":[0,0],"37":[0,0],"38":[0,0],"39":[0,0],"40":[0,0],"41":[0,0],"42":[0,0],"43":[0,0],"44":[0,0],"45":[0,0],"46":[0,0],"47":[0,0],"48":[0,0],"49":[0,0],"50":[0,0],"51":[0,0],"52":[0,0],"53":[0,0],"54":[0,0],"55":[0,0],"56":[0,0],"57":[0],"58":[0,0],"59":[0,0],"60":[0,0],"61":[0,0],"62":[0,0],"63":[0,0],"64":[0,0],"65":[0,0],"66":[0,0],"67":[0,0]}},"/app/applet/src/lib/econometrics/robust.ts":{"path":"/app/applet/src/lib/econometrics/robust.ts","statementMap":{"0":{"start":{"line":8,"column":2},"end":{"line":8,"column":47}},"1":{"start":{"line":8,"column":37},"end":{"line":8,"column":47}},"2":{"start":{"line":9,"column":12},"end":{"line":9,"column":20}},"3":{"start":{"line":10,"column":12},"end":{"line":10,"column":23}},"4":{"start":{"line":11,"column":12},"end":{"line":11,"column":24}},"5":{"start":{"line":13,"column":2},"end":{"line":31,"column":3}},"6":{"start":{"line":13,"column":15},"end":{"line":13,"column":16}},"7":{"start":{"line":14,"column":14},"end":{"line":14,"column":15}},"8":{"start":{"line":15,"column":15},"end":{"line":15,"column":19}},"9":{"start":{"line":16,"column":4},"end":{"line":19,"column":5}},"10":{"start":{"line":17,"column":6},"end":{"line":17,"column":15}},"11":{"start":{"line":18,"column":6},"end":{"line":18,"column":15}},"12":{"start":{"line":20,"column":4},"end":{"line":28,"column":5}},"13":{"start":{"line":20,"column":17},"end":{"line":20,"column":18}},"14":{"start":{"line":21,"column":18},"end":{"line":21,"column":19}},"15":{"start":{"line":22,"column":21},"end":{"line":22,"column":31}},"16":{"start":{"line":23,"column":6},"end":{"line":23,"column":28}},"17":{"start":{"line":23,"column":19},"end":{"line":23,"column":28}},"18":{"start":{"line":24,"column":6},"end":{"line":26,"column":7}},"19":{"start":{"line":24,"column":19},"end":{"line":24,"column":20}},"20":{"start":{"line":25,"column":8},"end":{"line":25,"column":49}},"21":{"start":{"line":27,"column":6},"end":{"line":27,"column":34}},"22":{"start":{"line":30,"column":4},"end":{"line":30,"column":46}},"23":{"start":{"line":32,"column":2},"end":{"line":32,"column":11}},"24":{"start":{"line":44,"column":2},"end":{"line":44,"column":47}},"25":{"start":{"line":44,"column":37},"end":{"line":44,"column":47}},"26":{"start":{"line":45,"column":12},"end":{"line":45,"column":20}},"27":{"start":{"line":46,"column":12},"end":{"line":46,"column":23}},"28":{"start":{"line":49,"column":24},"end":{"line":49,"column":68}},"29":{"start":{"line":49,"column":51},"end":{"line":49,"column":67}},"30":{"start":{"line":51,"column":2},"end":{"line":130,"column":3}},"31":{"start":{"line":52,"column":14},"end":{"line":52,"column":82}},"32":{"start":{"line":55,"column":25},"end":{"line":55,"column":57}},"33":{"start":{"line":57,"column":4},"end":{"line":81,"column":5}},"34":{"start":{"line":57,"column":17},"end":{"line":57,"column":18}},"35":{"start":{"line":58,"column":17},"end":{"line":58,"column":21}},"36":{"start":{"line":59,"column":6},"end":{"line":59,"column":24}},"37":{"start":{"line":59,"column":15},"end":{"line":59,"column":24}},"38":{"start":{"line":60,"column":26},"end":{"line":60,"column":43}},"39":{"start":{"line":61,"column":17},"end":{"line":61,"column":42}},"40":{"start":{"line":63,"column":6},"end":{"line":69,"column":7}},"41":{"start":{"line":64,"column":19},"end":{"line":64,"column":28}},"42":{"start":{"line":65,"column":8},"end":{"line":65,"column":31}},"43":{"start":{"line":66,"column":13},"end":{"line":69,"column":7}},"44":{"start":{"line":67,"column":19},"end":{"line":67,"column":28}},"45":{"start":{"line":68,"column":8},"end":{"line":68,"column":42}},"46":{"start":{"line":71,"column":21},"end":{"line":71,"column":40}},"47":{"start":{"line":73,"column":6},"end":{"line":80,"column":7}},"48":{"start":{"line":73,"column":19},"end":{"line":73,"column":20}},"49":{"start":{"line":74,"column":21},"end":{"line":74,"column":25}},"50":{"start":{"line":75,"column":8},"end":{"line":75,"column":28}},"51":{"start":{"line":75,"column":19},"end":{"line":75,"column":28}},"52":{"start":{"line":76,"column":20},"end":{"line":76,"column":30}},"53":{"start":{"line":77,"column":8},"end":{"line":79,"column":9}},"54":{"start":{"line":77,"column":21},"end":{"line":77,"column":22}},"55":{"start":{"line":78,"column":10},"end":{"line":78,"column":65}},"56":{"start":{"line":82,"column":9},"end":{"line":130,"column":3}},"57":{"start":{"line":85,"column":14},"end":{"line":85,"column":67}},"58":{"start":{"line":88,"column":4},"end":{"line":101,"column":5}},"59":{"start":{"line":88,"column":17},"end":{"line":88,"column":18}},"60":{"start":{"line":89,"column":17},"end":{"line":89,"column":21}},"61":{"start":{"line":90,"column":6},"end":{"line":90,"column":24}},"62":{"start":{"line":90,"column":15},"end":{"line":90,"column":24}},"63":{"start":{"line":91,"column":21},"end":{"line":91,"column":38}},"64":{"start":{"line":92,"column":19},"end":{"line":92,"column":34}},"65":{"start":{"line":93,"column":6},"end":{"line":100,"column":7}},"66":{"start":{"line":93,"column":19},"end":{"line":93,"column":20}},"67":{"start":{"line":94,"column":21},"end":{"line":94,"column":25}},"68":{"start":{"line":95,"column":8},"end":{"line":95,"column":28}},"69":{"start":{"line":95,"column":19},"end":{"line":95,"column":28}},"70":{"start":{"line":96,"column":20},"end":{"line":96,"column":30}},"71":{"start":{"line":97,"column":8},"end":{"line":99,"column":9}},"72":{"start":{"line":97,"column":21},"end":{"line":97,"column":22}},"73":{"start":{"line":98,"column":10},"end":{"line":98,"column":63}},"74":{"start":{"line":104,"column":4},"end":{"line":129,"column":5}},"75":{"start":{"line":104,"column":17},"end":{"line":104,"column":18}},"76":{"start":{"line":105,"column":21},"end":{"line":105,"column":36}},"77":{"start":{"line":108,"column":6},"end":{"line":128,"column":7}},"78":{"start":{"line":108,"column":19},"end":{"line":108,"column":20}},"79":{"start":{"line":109,"column":19},"end":{"line":109,"column":23}},"80":{"start":{"line":110,"column":23},"end":{"line":110,"column":31}},"81":{"start":{"line":111,"column":8},"end":{"line":111,"column":37}},"82":{"start":{"line":111,"column":28},"end":{"line":111,"column":37}},"83":{"start":{"line":112,"column":23},"end":{"line":112,"column":40}},"84":{"start":{"line":113,"column":26},"end":{"line":113,"column":47}},"85":{"start":{"line":114,"column":26},"end":{"line":114,"column":53}},"86":{"start":{"line":116,"column":8},"end":{"line":127,"column":9}},"87":{"start":{"line":116,"column":21},"end":{"line":116,"column":22}},"88":{"start":{"line":117,"column":23},"end":{"line":117,"column":27}},"89":{"start":{"line":118,"column":10},"end":{"line":118,"column":30}},"90":{"start":{"line":118,"column":21},"end":{"line":118,"column":30}},"91":{"start":{"line":119,"column":23},"end":{"line":119,"column":33}},"92":{"start":{"line":120,"column":27},"end":{"line":120,"column":41}},"93":{"start":{"line":121,"column":10},"end":{"line":126,"column":11}},"94":{"start":{"line":121,"column":23},"end":{"line":121,"column":24}},"95":{"start":{"line":122,"column":29},"end":{"line":122,"column":43}},"96":{"start":{"line":123,"column":25},"end":{"line":123,"column":35}},"97":{"start":{"line":125,"column":12},"end":{"line":125,"column":87}},"98":{"start":{"line":134,"column":27},"end":{"line":134,"column":71}},"99":{"start":{"line":134,"column":54},"end":{"line":134,"column":70}},"100":{"start":{"line":135,"column":2},"end":{"line":147,"column":3}},"101":{"start":{"line":135,"column":15},"end":{"line":135,"column":16}},"102":{"start":{"line":136,"column":20},"end":{"line":136,"column":27}},"103":{"start":{"line":137,"column":19},"end":{"line":137,"column":29}},"104":{"start":{"line":138,"column":4},"end":{"line":138,"column":38}},"105":{"start":{"line":138,"column":29},"end":{"line":138,"column":38}},"106":{"start":{"line":139,"column":4},"end":{"line":146,"column":5}},"107":{"start":{"line":139,"column":17},"end":{"line":139,"column":18}},"108":{"start":{"line":140,"column":16},"end":{"line":140,"column":17}},"109":{"start":{"line":141,"column":6},"end":{"line":144,"column":7}},"110":{"start":{"line":141,"column":19},"end":{"line":141,"column":20}},"111":{"start":{"line":142,"column":21},"end":{"line":142,"column":25}},"112":{"start":{"line":143,"column":8},"end":{"line":143,"column":62}},"113":{"start":{"line":145,"column":6},"end":{"line":145,"column":23}},"114":{"start":{"line":149,"column":29},"end":{"line":149,"column":73}},"115":{"start":{"line":149,"column":56},"end":{"line":149,"column":72}},"116":{"start":{"line":150,"column":2},"end":{"line":162,"column":3}},"117":{"start":{"line":150,"column":15},"end":{"line":150,"column":16}},"118":{"start":{"line":151,"column":22},"end":{"line":151,"column":31}},"119":{"start":{"line":152,"column":20},"end":{"line":152,"column":27}},"120":{"start":{"line":153,"column":4},"end":{"line":153,"column":41}},"121":{"start":{"line":153,"column":32},"end":{"line":153,"column":41}},"122":{"start":{"line":154,"column":4},"end":{"line":161,"column":5}},"123":{"start":{"line":154,"column":17},"end":{"line":154,"column":18}},"124":{"start":{"line":155,"column":16},"end":{"line":155,"column":17}},"125":{"start":{"line":156,"column":6},"end":{"line":159,"column":7}},"126":{"start":{"line":156,"column":19},"end":{"line":156,"column":20}},"127":{"start":{"line":157,"column":23},"end":{"line":157,"column":33}},"128":{"start":{"line":158,"column":8},"end":{"line":158,"column":67}},"129":{"start":{"line":160,"column":6},"end":{"line":160,"column":25}},"130":{"start":{"line":164,"column":2},"end":{"line":164,"column":16}}},"fnMap":{"0":{"name":"getHatDiagonal","decl":{"start":{"line":7,"column":16},"end":{"line":7,"column":30}},"loc":{"start":{"line":7,"column":65},"end":{"line":33,"column":1}}},"1":{"name":"computeRobustCovariance","decl":{"start":{"line":38,"column":16},"end":{"line":38,"column":39}},"loc":{"start":{"line":42,"column":44},"end":{"line":165,"column":1}}},"2":{"name":"(anonymous_2)","decl":{"start":{"line":49,"column":45},"end":{"line":49,"column":48}},"loc":{"start":{"line":49,"column":51},"end":{"line":49,"column":67}}},"3":{"name":"(anonymous_3)","decl":{"start":{"line":134,"column":48},"end":{"line":134,"column":51}},"loc":{"start":{"line":134,"column":54},"end":{"line":134,"column":70}}},"4":{"name":"(anonymous_4)","decl":{"start":{"line":149,"column":50},"end":{"line":149,"column":53}},"loc":{"start":{"line":149,"column":56},"end":{"line":149,"column":72}}}},"branchMap":{"0":{"loc":{"start":{"line":8,"column":2},"end":{"line":8,"column":47}},"type":"if","locations":[{"start":{"line":8,"column":2},"end":{"line":8,"column":47}},{"start":{},"end":{}}]},"1":{"loc":{"start":{"line":8,"column":6},"end":{"line":8,"column":35}},"type":"binary-expr","locations":[{"start":{"line":8,"column":6},"end":{"line":8,"column":8}},{"start":{"line":8,"column":12},"end":{"line":8,"column":26}},{"start":{"line":8,"column":30},"end":{"line":8,"column":35}}]},"2":{"loc":{"start":{"line":16,"column":4},"end":{"line":19,"column":5}},"type":"if","locations":[{"start":{"line":16,"column":4},"end":{"line":19,"column":5}},{"start":{},"end":{}}]},"3":{"loc":{"start":{"line":23,"column":6},"end":{"line":23,"column":28}},"type":"if","locations":[{"start":{"line":23,"column":6},"end":{"line":23,"column":28}},{"start":{},"end":{}}]},"4":{"loc":{"start":{"line":25,"column":18},"end":{"line":25,"column":32}},"type":"binary-expr","locations":[{"start":{"line":25,"column":18},"end":{"line":25,"column":27}},{"start":{"line":25,"column":31},"end":{"line":25,"column":32}}]},"5":{"loc":{"start":{"line":25,"column":37},"end":{"line":25,"column":47}},"type":"binary-expr","locations":[{"start":{"line":25,"column":37},"end":{"line":25,"column":42}},{"start":{"line":25,"column":46},"end":{"line":25,"column":47}}]},"6":{"loc":{"start":{"line":27,"column":14},"end":{"line":27,"column":24}},"type":"binary-expr","locations":[{"start":{"line":27,"column":14},"end":{"line":27,"column":19}},{"start":{"line":27,"column":23},"end":{"line":27,"column":24}}]},"7":{"loc":{"start":{"line":44,"column":2},"end":{"line":44,"column":47}},"type":"if","locations":[{"start":{"line":44,"column":2},"end":{"line":44,"column":47}},{"start":{},"end":{}}]},"8":{"loc":{"start":{"line":44,"column":6},"end":{"line":44,"column":35}},"type":"binary-expr","locations":[{"start":{"line":44,"column":6},"end":{"line":44,"column":8}},{"start":{"line":44,"column":12},"end":{"line":44,"column":26}},{"start":{"line":44,"column":30},"end":{"line":44,"column":35}}]},"9":{"loc":{"start":{"line":51,"column":2},"end":{"line":130,"column":3}},"type":"if","locations":[{"start":{"line":51,"column":2},"end":{"line":130,"column":3}},{"start":{"line":82,"column":9},"end":{"line":130,"column":3}}]},"10":{"loc":{"start":{"line":51,"column":6},"end":{"line":51,"column":74}},"type":"binary-expr","locations":[{"start":{"line":51,"column":6},"end":{"line":51,"column":20}},{"start":{"line":51,"column":24},"end":{"line":51,"column":38}},{"start":{"line":51,"column":42},"end":{"line":51,"column":56}},{"start":{"line":51,"column":60},"end":{"line":51,"column":74}}]},"11":{"loc":{"start":{"line":52,"column":14},"end":{"line":52,"column":82}},"type":"cond-expr","locations":[{"start":{"line":52,"column":51},"end":{"line":52,"column":77}},{"start":{"line":52,"column":80},"end":{"line":52,"column":82}}]},"12":{"loc":{"start":{"line":52,"column":15},"end":{"line":52,"column":47}},"type":"binary-expr","locations":[{"start":{"line":52,"column":15},"end":{"line":52,"column":29}},{"start":{"line":52,"column":33},"end":{"line":52,"column":47}}]},"13":{"loc":{"start":{"line":55,"column":25},"end":{"line":55,"column":57}},"type":"cond-expr","locations":[{"start":{"line":55,"column":42},"end":{"line":55,"column":53}},{"start":{"line":55,"column":56},"end":{"line":55,"column":57}}]},"14":{"loc":{"start":{"line":59,"column":6},"end":{"line":59,"column":24}},"type":"if","locations":[{"start":{"line":59,"column":6},"end":{"line":59,"column":24}},{"start":{},"end":{}}]},"15":{"loc":{"start":{"line":60,"column":26},"end":{"line":60,"column":43}},"type":"binary-expr","locations":[{"start":{"line":60,"column":26},"end":{"line":60,"column":38}},{"start":{"line":60,"column":42},"end":{"line":60,"column":43}}]},"16":{"loc":{"start":{"line":63,"column":6},"end":{"line":69,"column":7}},"type":"if","locations":[{"start":{"line":63,"column":6},"end":{"line":69,"column":7}},{"start":{"line":66,"column":13},"end":{"line":69,"column":7}}]},"17":{"loc":{"start":{"line":64,"column":19},"end":{"line":64,"column":28}},"type":"binary-expr","locations":[{"start":{"line":64,"column":19},"end":{"line":64,"column":23}},{"start":{"line":64,"column":27},"end":{"line":64,"column":28}}]},"18":{"loc":{"start":{"line":66,"column":13},"end":{"line":69,"column":7}},"type":"if","locations":[{"start":{"line":66,"column":13},"end":{"line":69,"column":7}},{"start":{},"end":{}}]},"19":{"loc":{"start":{"line":67,"column":19},"end":{"line":67,"column":28}},"type":"binary-expr","locations":[{"start":{"line":67,"column":19},"end":{"line":67,"column":23}},{"start":{"line":67,"column":27},"end":{"line":67,"column":28}}]},"20":{"loc":{"start":{"line":75,"column":8},"end":{"line":75,"column":28}},"type":"if","locations":[{"start":{"line":75,"column":8},"end":{"line":75,"column":28}},{"start":{},"end":{}}]},"21":{"loc":{"start":{"line":76,"column":20},"end":{"line":76,"column":30}},"type":"binary-expr","locations":[{"start":{"line":76,"column":20},"end":{"line":76,"column":25}},{"start":{"line":76,"column":29},"end":{"line":76,"column":30}}]},"22":{"loc":{"start":{"line":78,"column":21},"end":{"line":78,"column":33}},"type":"binary-expr","locations":[{"start":{"line":78,"column":21},"end":{"line":78,"column":28}},{"start":{"line":78,"column":32},"end":{"line":78,"column":33}}]},"23":{"loc":{"start":{"line":78,"column":44},"end":{"line":78,"column":54}},"type":"binary-expr","locations":[{"start":{"line":78,"column":44},"end":{"line":78,"column":49}},{"start":{"line":78,"column":53},"end":{"line":78,"column":54}}]},"24":{"loc":{"start":{"line":82,"column":9},"end":{"line":130,"column":3}},"type":"if","locations":[{"start":{"line":82,"column":9},"end":{"line":130,"column":3}},{"start":{},"end":{}}]},"25":{"loc":{"start":{"line":90,"column":6},"end":{"line":90,"column":24}},"type":"if","locations":[{"start":{"line":90,"column":6},"end":{"line":90,"column":24}},{"start":{},"end":{}}]},"26":{"loc":{"start":{"line":91,"column":21},"end":{"line":91,"column":38}},"type":"binary-expr","locations":[{"start":{"line":91,"column":21},"end":{"line":91,"column":33}},{"start":{"line":91,"column":37},"end":{"line":91,"column":38}}]},"27":{"loc":{"start":{"line":95,"column":8},"end":{"line":95,"column":28}},"type":"if","locations":[{"start":{"line":95,"column":8},"end":{"line":95,"column":28}},{"start":{},"end":{}}]},"28":{"loc":{"start":{"line":96,"column":20},"end":{"line":96,"column":30}},"type":"binary-expr","locations":[{"start":{"line":96,"column":20},"end":{"line":96,"column":25}},{"start":{"line":96,"column":29},"end":{"line":96,"column":30}}]},"29":{"loc":{"start":{"line":98,"column":21},"end":{"line":98,"column":33}},"type":"binary-expr","locations":[{"start":{"line":98,"column":21},"end":{"line":98,"column":28}},{"start":{"line":98,"column":32},"end":{"line":98,"column":33}}]},"30":{"loc":{"start":{"line":98,"column":44},"end":{"line":98,"column":54}},"type":"binary-expr","locations":[{"start":{"line":98,"column":44},"end":{"line":98,"column":49}},{"start":{"line":98,"column":53},"end":{"line":98,"column":54}}]},"31":{"loc":{"start":{"line":111,"column":8},"end":{"line":111,"column":37}},"type":"if","locations":[{"start":{"line":111,"column":8},"end":{"line":111,"column":37}},{"start":{},"end":{}}]},"32":{"loc":{"start":{"line":111,"column":12},"end":{"line":111,"column":26}},"type":"binary-expr","locations":[{"start":{"line":111,"column":12},"end":{"line":111,"column":15}},{"start":{"line":111,"column":19},"end":{"line":111,"column":26}}]},"33":{"loc":{"start":{"line":112,"column":23},"end":{"line":112,"column":40}},"type":"binary-expr","locations":[{"start":{"line":112,"column":23},"end":{"line":112,"column":35}},{"start":{"line":112,"column":39},"end":{"line":112,"column":40}}]},"34":{"loc":{"start":{"line":113,"column":26},"end":{"line":113,"column":47}},"type":"binary-expr","locations":[{"start":{"line":113,"column":26},"end":{"line":113,"column":42}},{"start":{"line":113,"column":46},"end":{"line":113,"column":47}}]},"35":{"loc":{"start":{"line":118,"column":10},"end":{"line":118,"column":30}},"type":"if","locations":[{"start":{"line":118,"column":10},"end":{"line":118,"column":30}},{"start":{},"end":{}}]},"36":{"loc":{"start":{"line":119,"column":23},"end":{"line":119,"column":33}},"type":"binary-expr","locations":[{"start":{"line":119,"column":23},"end":{"line":119,"column":28}},{"start":{"line":119,"column":32},"end":{"line":119,"column":33}}]},"37":{"loc":{"start":{"line":120,"column":27},"end":{"line":120,"column":41}},"type":"binary-expr","locations":[{"start":{"line":120,"column":27},"end":{"line":120,"column":36}},{"start":{"line":120,"column":40},"end":{"line":120,"column":41}}]},"38":{"loc":{"start":{"line":122,"column":29},"end":{"line":122,"column":43}},"type":"binary-expr","locations":[{"start":{"line":122,"column":29},"end":{"line":122,"column":38}},{"start":{"line":122,"column":42},"end":{"line":122,"column":43}}]},"39":{"loc":{"start":{"line":123,"column":25},"end":{"line":123,"column":35}},"type":"binary-expr","locations":[{"start":{"line":123,"column":25},"end":{"line":123,"column":30}},{"start":{"line":123,"column":34},"end":{"line":123,"column":35}}]},"40":{"loc":{"start":{"line":125,"column":23},"end":{"line":125,"column":35}},"type":"binary-expr","locations":[{"start":{"line":125,"column":23},"end":{"line":125,"column":30}},{"start":{"line":125,"column":34},"end":{"line":125,"column":35}}]},"41":{"loc":{"start":{"line":138,"column":4},"end":{"line":138,"column":38}},"type":"if","locations":[{"start":{"line":138,"column":4},"end":{"line":138,"column":38}},{"start":{},"end":{}}]},"42":{"loc":{"start":{"line":138,"column":8},"end":{"line":138,"column":27}},"type":"binary-expr","locations":[{"start":{"line":138,"column":8},"end":{"line":138,"column":16}},{"start":{"line":138,"column":20},"end":{"line":138,"column":27}}]},"43":{"loc":{"start":{"line":143,"column":16},"end":{"line":143,"column":30}},"type":"binary-expr","locations":[{"start":{"line":143,"column":16},"end":{"line":143,"column":25}},{"start":{"line":143,"column":29},"end":{"line":143,"column":30}}]},"44":{"loc":{"start":{"line":143,"column":35},"end":{"line":143,"column":60}},"type":"cond-expr","locations":[{"start":{"line":143,"column":43},"end":{"line":143,"column":55}},{"start":{"line":143,"column":59},"end":{"line":143,"column":60}}]},"45":{"loc":{"start":{"line":143,"column":43},"end":{"line":143,"column":55}},"type":"binary-expr","locations":[{"start":{"line":143,"column":43},"end":{"line":143,"column":50}},{"start":{"line":143,"column":54},"end":{"line":143,"column":55}}]},"46":{"loc":{"start":{"line":153,"column":4},"end":{"line":153,"column":41}},"type":"if","locations":[{"start":{"line":153,"column":4},"end":{"line":153,"column":41}},{"start":{},"end":{}}]},"47":{"loc":{"start":{"line":153,"column":8},"end":{"line":153,"column":30}},"type":"binary-expr","locations":[{"start":{"line":153,"column":8},"end":{"line":153,"column":18}},{"start":{"line":153,"column":22},"end":{"line":153,"column":30}}]},"48":{"loc":{"start":{"line":158,"column":16},"end":{"line":158,"column":31}},"type":"binary-expr","locations":[{"start":{"line":158,"column":16},"end":{"line":158,"column":26}},{"start":{"line":158,"column":30},"end":{"line":158,"column":31}}]},"49":{"loc":{"start":{"line":158,"column":36},"end":{"line":158,"column":65}},"type":"cond-expr","locations":[{"start":{"line":158,"column":46},"end":{"line":158,"column":60}},{"start":{"line":158,"column":64},"end":{"line":158,"column":65}}]},"50":{"loc":{"start":{"line":158,"column":46},"end":{"line":158,"column":60}},"type":"binary-expr","locations":[{"start":{"line":158,"column":46},"end":{"line":158,"column":55}},{"start":{"line":158,"column":59},"end":{"line":158,"column":60}}]}},"s":{"0":2,"1":0,"2":2,"3":2,"4":2,"5":2,"6":2,"7":32,"8":32,"9":32,"10":0,"11":0,"12":32,"13":32,"14":224,"15":224,"16":224,"17":0,"18":224,"19":224,"20":1568,"21":224,"22":32,"23":2,"24":3,"25":0,"26":3,"27":3,"28":3,"29":21,"30":3,"31":3,"32":3,"33":3,"34":3,"35":48,"36":48,"37":0,"38":48,"39":48,"40":48,"41":16,"42":16,"43":32,"44":16,"45":16,"46":48,"47":48,"48":48,"49":336,"50":336,"51":0,"52":336,"53":336,"54":336,"55":2352,"56":0,"57":0,"58":0,"59":0,"60":0,"61":0,"62":0,"63":0,"64":0,"65":0,"66":0,"67":0,"68":0,"69":0,"70":0,"71":0,"72":0,"73":0,"74":0,"75":0,"76":0,"77":0,"78":0,"79":0,"80":0,"81":0,"82":0,"83":0,"84":0,"85":0,"86":0,"87":0,"88":0,"89":0,"90":0,"91":0,"92":0,"93":0,"94":0,"95":0,"96":0,"97":0,"98":3,"99":21,"100":3,"101":3,"102":21,"103":21,"104":21,"105":0,"106":21,"107":21,"108":147,"109":147,"110":147,"111":1029,"112":1029,"113":147,"114":3,"115":21,"116":3,"117":3,"118":21,"119":21,"120":21,"121":0,"122":21,"123":21,"124":147,"125":147,"126":147,"127":1029,"128":1029,"129":147,"130":3},"f":{"0":2,"1":3,"2":21,"3":21,"4":21},"b":{"0":[0,2],"1":[2,2,2],"2":[0,32],"3":[0,224],"4":[1568,0],"5":[1568,0],"6":[224,0],"7":[0,3],"8":[3,3,3],"9":[3,0],"10":[3,3,2,1],"11":[2,1],"12":[3,2],"13":[1,2],"14":[0,48],"15":[48,0],"16":[16,32],"17":[16,0],"18":[16,16],"19":[16,0],"20":[0,336],"21":[336,0],"22":[2352,0],"23":[2352,0],"24":[0,0],"25":[0,0],"26":[0,0],"27":[0,0],"28":[0,0],"29":[0,0],"30":[0,0],"31":[0,0],"32":[0,0],"33":[0,0],"34":[0,0],"35":[0,0],"36":[0,0],"37":[0,0],"38":[0,0],"39":[0,0],"40":[0,0],"41":[0,21],"42":[21,21],"43":[1029,0],"44":[1029,0],"45":[1029,0],"46":[0,21],"47":[21,21],"48":[1029,0],"49":[1029,0],"50":[1029,0]}},"/app/applet/src/lib/econometrics/ols.ts":{"path":"/app/applet/src/lib/econometrics/ols.ts","statementMap":{"0":{"start":{"line":9,"column":2},"end":{"line":11,"column":3}},"1":{"start":{"line":10,"column":4},"end":{"line":10,"column":14}},"2":{"start":{"line":12,"column":11},"end":{"line":12,"column":21}},"3":{"start":{"line":13,"column":15},"end":{"line":13,"column":88}},"4":{"start":{"line":13,"column":23},"end":{"line":13,"column":62}},"5":{"start":{"line":13,"column":63},"end":{"line":13,"column":86}},"6":{"start":{"line":14,"column":12},"end":{"line":14,"column":20}},"7":{"start":{"line":15,"column":12},"end":{"line":15,"column":23}},"8":{"start":{"line":16,"column":37},"end":{"line":16,"column":39}},"9":{"start":{"line":18,"column":2},"end":{"line":37,"column":3}},"10":{"start":{"line":18,"column":15},"end":{"line":18,"column":16}},"11":{"start":{"line":19,"column":29},"end":{"line":19,"column":31}},"12":{"start":{"line":20,"column":27},"end":{"line":20,"column":29}},"13":{"start":{"line":21,"column":4},"end":{"line":29,"column":5}},"14":{"start":{"line":21,"column":17},"end":{"line":21,"column":18}},"15":{"start":{"line":22,"column":18},"end":{"line":22,"column":40}},"16":{"start":{"line":23,"column":19},"end":{"line":23,"column":25}},"17":{"start":{"line":24,"column":19},"end":{"line":24,"column":25}},"18":{"start":{"line":25,"column":6},"end":{"line":28,"column":7}},"19":{"start":{"line":26,"column":8},"end":{"line":26,"column":24}},"20":{"start":{"line":27,"column":8},"end":{"line":27,"column":24}},"21":{"start":{"line":31,"column":4},"end":{"line":36,"column":5}},"22":{"start":{"line":32,"column":20},"end":{"line":32,"column":39}},"23":{"start":{"line":33,"column":6},"end":{"line":33,"column":38}},"24":{"start":{"line":40,"column":17},"end":{"line":40,"column":61}},"25":{"start":{"line":40,"column":44},"end":{"line":40,"column":60}},"26":{"start":{"line":41,"column":2},"end":{"line":49,"column":3}},"27":{"start":{"line":41,"column":15},"end":{"line":41,"column":16}},"28":{"start":{"line":42,"column":19},"end":{"line":42,"column":53}},"29":{"start":{"line":42,"column":43},"end":{"line":42,"column":52}},"30":{"start":{"line":43,"column":18},"end":{"line":43,"column":74}},"31":{"start":{"line":43,"column":42},"end":{"line":43,"column":47}},"32":{"start":{"line":44,"column":17},"end":{"line":44,"column":98}},"33":{"start":{"line":44,"column":41},"end":{"line":44,"column":61}},"34":{"start":{"line":45,"column":22},"end":{"line":45,"column":31}},"35":{"start":{"line":46,"column":4},"end":{"line":48,"column":5}},"36":{"start":{"line":47,"column":6},"end":{"line":47,"column":26}},"37":{"start":{"line":51,"column":2},"end":{"line":51,"column":16}},"38":{"start":{"line":55,"column":20},"end":{"line":55,"column":123}},"39":{"start":{"line":55,"column":32},"end":{"line":55,"column":123}},"40":{"start":{"line":58,"column":18},"end":{"line":58,"column":77}},"41":{"start":{"line":58,"column":40},"end":{"line":58,"column":49}},"42":{"start":{"line":58,"column":63},"end":{"line":58,"column":76}},"43":{"start":{"line":59,"column":18},"end":{"line":59,"column":46}},"44":{"start":{"line":61,"column":24},"end":{"line":61,"column":73}},"45":{"start":{"line":61,"column":46},"end":{"line":61,"column":65}},"46":{"start":{"line":63,"column":25},"end":{"line":63,"column":85}},"47":{"start":{"line":65,"column":19},"end":{"line":65,"column":52}},"48":{"start":{"line":65,"column":42},"end":{"line":65,"column":50}},"49":{"start":{"line":66,"column":18},"end":{"line":66,"column":22}},"50":{"start":{"line":68,"column":2},"end":{"line":93,"column":3}},"51":{"start":{"line":69,"column":4},"end":{"line":92,"column":5}},"52":{"start":{"line":70,"column":22},"end":{"line":70,"column":41}},"53":{"start":{"line":71,"column":23},"end":{"line":71,"column":33}},"54":{"start":{"line":72,"column":6},"end":{"line":72,"column":36}},"55":{"start":{"line":73,"column":6},"end":{"line":80,"column":9}},"56":{"start":{"line":74,"column":8},"end":{"line":78,"column":9}},"57":{"start":{"line":75,"column":10},"end":{"line":75,"column":30}},"58":{"start":{"line":77,"column":10},"end":{"line":77,"column":54}},"59":{"start":{"line":79,"column":8},"end":{"line":79,"column":17}},"60":{"start":{"line":82,"column":22},"end":{"line":82,"column":41}},"61":{"start":{"line":83,"column":6},"end":{"line":83,"column":36}},"62":{"start":{"line":84,"column":6},"end":{"line":91,"column":9}},"63":{"start":{"line":85,"column":8},"end":{"line":89,"column":9}},"64":{"start":{"line":86,"column":10},"end":{"line":86,"column":30}},"65":{"start":{"line":88,"column":10},"end":{"line":88,"column":50}},"66":{"start":{"line":90,"column":8},"end":{"line":90,"column":17}},"67":{"start":{"line":95,"column":29},"end":{"line":95,"column":31}},"68":{"start":{"line":96,"column":2},"end":{"line":122,"column":5}},"69":{"start":{"line":97,"column":20},"end":{"line":97,"column":80}},"70":{"start":{"line":97,"column":42},"end":{"line":97,"column":48}},"71":{"start":{"line":97,"column":64},"end":{"line":97,"column":79}},"72":{"start":{"line":98,"column":20},"end":{"line":98,"column":48}},"73":{"start":{"line":100,"column":26},"end":{"line":100,"column":75}},"74":{"start":{"line":100,"column":48},"end":{"line":100,"column":67}},"75":{"start":{"line":101,"column":32},"end":{"line":101,"column":92}},"76":{"start":{"line":104,"column":4},"end":{"line":121,"column":5}},"77":{"start":{"line":105,"column":31},"end":{"line":105,"column":50}},"78":{"start":{"line":106,"column":30},"end":{"line":106,"column":55}},"79":{"start":{"line":107,"column":6},"end":{"line":118,"column":9}},"80":{"start":{"line":108,"column":26},"end":{"line":108,"column":70}},"81":{"start":{"line":109,"column":8},"end":{"line":109,"column":35}},"82":{"start":{"line":110,"column":8},"end":{"line":117,"column":11}},"83":{"start":{"line":111,"column":10},"end":{"line":115,"column":11}},"84":{"start":{"line":112,"column":12},"end":{"line":112,"column":32}},"85":{"start":{"line":114,"column":12},"end":{"line":114,"column":48}},"86":{"start":{"line":116,"column":10},"end":{"line":116,"column":19}},"87":{"start":{"line":120,"column":6},"end":{"line":120,"column":25}},"88":{"start":{"line":124,"column":2},"end":{"line":124,"column":47}},"89":{"start":{"line":141,"column":48},"end":{"line":141,"column":94}},"90":{"start":{"line":144,"column":31},"end":{"line":144,"column":57}},"91":{"start":{"line":146,"column":23},"end":{"line":152,"column":4}},"92":{"start":{"line":147,"column":4},"end":{"line":147,"column":27}},"93":{"start":{"line":147,"column":14},"end":{"line":147,"column":27}},"94":{"start":{"line":148,"column":18},"end":{"line":148,"column":120}},"95":{"start":{"line":148,"column":50},"end":{"line":148,"column":119}},"96":{"start":{"line":149,"column":4},"end":{"line":149,"column":29}},"97":{"start":{"line":149,"column":16},"end":{"line":149,"column":29}},"98":{"start":{"line":150,"column":4},"end":{"line":150,"column":96}},"99":{"start":{"line":150,"column":83},"end":{"line":150,"column":96}},"100":{"start":{"line":151,"column":4},"end":{"line":151,"column":16}},"101":{"start":{"line":154,"column":2},"end":{"line":156,"column":3}},"102":{"start":{"line":155,"column":4},"end":{"line":155,"column":65}},"103":{"start":{"line":158,"column":12},"end":{"line":158,"column":31}},"104":{"start":{"line":159,"column":12},"end":{"line":159,"column":58}},"105":{"start":{"line":162,"column":12},"end":{"line":162,"column":63}},"106":{"start":{"line":162,"column":36},"end":{"line":162,"column":62}},"107":{"start":{"line":165,"column":12},"end":{"line":168,"column":4}},"108":{"start":{"line":166,"column":22},"end":{"line":166,"column":61}},"109":{"start":{"line":166,"column":42},"end":{"line":166,"column":60}},"110":{"start":{"line":167,"column":4},"end":{"line":167,"column":60}},"111":{"start":{"line":170,"column":17},"end":{"line":170,"column":77}},"112":{"start":{"line":171,"column":16},"end":{"line":171,"column":37}},"113":{"start":{"line":172,"column":15},"end":{"line":172,"column":25}},"114":{"start":{"line":173,"column":18},"end":{"line":173,"column":31}},"115":{"start":{"line":176,"column":16},"end":{"line":176,"column":57}},"116":{"start":{"line":177,"column":20},"end":{"line":177,"column":60}},"117":{"start":{"line":177,"column":38},"end":{"line":177,"column":59}},"118":{"start":{"line":180,"column":14},"end":{"line":180,"column":64}},"119":{"start":{"line":180,"column":45},"end":{"line":180,"column":60}},"120":{"start":{"line":181,"column":16},"end":{"line":181,"column":56}},"121":{"start":{"line":181,"column":39},"end":{"line":181,"column":48}},"122":{"start":{"line":182,"column":14},"end":{"line":182,"column":76}},"123":{"start":{"line":182,"column":37},"end":{"line":182,"column":72}},"124":{"start":{"line":183,"column":19},"end":{"line":183,"column":32}},"125":{"start":{"line":184,"column":22},"end":{"line":184,"column":59}},"126":{"start":{"line":185,"column":15},"end":{"line":185,"column":39}},"127":{"start":{"line":186,"column":14},"end":{"line":186,"column":43}},"128":{"start":{"line":187,"column":14},"end":{"line":187,"column":53}},"129":{"start":{"line":190,"column":24},"end":{"line":190,"column":82}},"130":{"start":{"line":193,"column":23},"end":{"line":193,"column":51}},"131":{"start":{"line":194,"column":25},"end":{"line":194,"column":30}},"132":{"start":{"line":195,"column":16},"end":{"line":195,"column":69}},"133":{"start":{"line":196,"column":18},"end":{"line":196,"column":77}},"134":{"start":{"line":200,"column":2},"end":{"line":242,"column":3}},"135":{"start":{"line":201,"column":18},"end":{"line":201,"column":71}},"136":{"start":{"line":202,"column":4},"end":{"line":202,"column":39}},"137":{"start":{"line":204,"column":9},"end":{"line":242,"column":3}},"138":{"start":{"line":206,"column":21},"end":{"line":206,"column":78}},"139":{"start":{"line":206,"column":62},"end":{"line":206,"column":75}},"140":{"start":{"line":207,"column":14},"end":{"line":207,"column":51}},"141":{"start":{"line":209,"column":4},"end":{"line":227,"column":7}},"142":{"start":{"line":210,"column":29},"end":{"line":213,"column":24}},"143":{"start":{"line":211,"column":8},"end":{"line":211,"column":55}},"144":{"start":{"line":211,"column":43},"end":{"line":211,"column":55}},"145":{"start":{"line":212,"column":8},"end":{"line":212,"column":19}},"146":{"start":{"line":215,"column":22},"end":{"line":215,"column":42}},"147":{"start":{"line":216,"column":6},"end":{"line":222,"column":9}},"148":{"start":{"line":217,"column":19},"end":{"line":217,"column":25}},"149":{"start":{"line":218,"column":19},"end":{"line":218,"column":38}},"150":{"start":{"line":219,"column":8},"end":{"line":221,"column":9}},"151":{"start":{"line":220,"column":10},"end":{"line":220,"column":72}},"152":{"start":{"line":224,"column":6},"end":{"line":226,"column":7}},"153":{"start":{"line":224,"column":19},"end":{"line":224,"column":20}},"154":{"start":{"line":225,"column":8},"end":{"line":225,"column":47}},"155":{"start":{"line":229,"column":15},"end":{"line":229,"column":32}},"156":{"start":{"line":230,"column":17},"end":{"line":230,"column":37}},"157":{"start":{"line":231,"column":23},"end":{"line":231,"column":86}},"158":{"start":{"line":232,"column":26},"end":{"line":232,"column":57}},"159":{"start":{"line":233,"column":17},"end":{"line":233,"column":54}},"160":{"start":{"line":234,"column":17},"end":{"line":234,"column":52}},"161":{"start":{"line":235,"column":4},"end":{"line":235,"column":50}},"162":{"start":{"line":237,"column":9},"end":{"line":242,"column":3}},"163":{"start":{"line":238,"column":4},"end":{"line":238,"column":72}},"164":{"start":{"line":240,"column":25},"end":{"line":240,"column":38}},"165":{"start":{"line":241,"column":4},"end":{"line":241,"column":57}},"166":{"start":{"line":245,"column":42},"end":{"line":245,"column":44}},"167":{"start":{"line":246,"column":2},"end":{"line":256,"column":3}},"168":{"start":{"line":247,"column":4},"end":{"line":255,"column":7}},"169":{"start":{"line":248,"column":21},"end":{"line":248,"column":54}},"170":{"start":{"line":248,"column":45},"end":{"line":248,"column":53}},"171":{"start":{"line":249,"column":6},"end":{"line":254,"column":7}},"172":{"start":{"line":250,"column":23},"end":{"line":250,"column":92}},"173":{"start":{"line":251,"column":8},"end":{"line":251,"column":61}},"174":{"start":{"line":253,"column":8},"end":{"line":253,"column":22}},"175":{"start":{"line":259,"column":30},"end":{"line":278,"column":4}},"176":{"start":{"line":260,"column":22},"end":{"line":260,"column":42}},"177":{"start":{"line":261,"column":21},"end":{"line":261,"column":51}},"178":{"start":{"line":262,"column":18},"end":{"line":262,"column":58}},"179":{"start":{"line":264,"column":15},"end":{"line":264,"column":20}},"180":{"start":{"line":265,"column":19},"end":{"line":265,"column":68}},"181":{"start":{"line":266,"column":18},"end
[...]
ib/econometrics/tobit.ts","statementMap":{"0":{"start":{"line":9,"column":2},"end":{"line":9,"column":57}},"1":{"start":{"line":14,"column":2},"end":{"line":14,"column":51}},"2":{"start":{"line":23,"column":24},"end":{"line":23,"column":40}},"3":{"start":{"line":24,"column":23},"end":{"line":26,"column":4}},"4":{"start":{"line":25,"column":4},"end":{"line":25,"column":114}},"5":{"start":{"line":25,"column":36},"end":{"line":25,"column":112}},"6":{"start":{"line":28,"column":12},"end":{"line":28,"column":31}},"7":{"start":{"line":29,"column":2},"end":{"line":31,"column":3}},"8":{"start":{"line":30,"column":4},"end":{"line":30,"column":90}},"9":{"start":{"line":34,"column":12},"end":{"line":34,"column":58}},"10":{"start":{"line":34,"column":36},"end":{"line":34,"column":57}},"11":{"start":{"line":35,"column":12},"end":{"line":38,"column":4}},"12":{"start":{"line":36,"column":22},"end":{"line":36,"column":56}},"13":{"start":{"line":36,"column":37},"end":{"line":36,"column":55}},"14":{"start":{"line":37,"column":4},"end":{"line":37,"column":29}},"15":{"start":{"line":40,"column":12},"end":{"line":40,"column":28}},"16":{"start":{"line":42,"column":28},"end":{"line":45,"column":20}},"17":{"start":{"line":43,"column":4},"end":{"line":43,"column":32}},"18":{"start":{"line":43,"column":20},"end":{"line":43,"column":32}},"19":{"start":{"line":44,"column":4},"end":{"line":44,"column":15}},"20":{"start":{"line":47,"column":26},"end":{"line":50,"column":20}},"21":{"start":{"line":48,"column":4},"end":{"line":48,"column":33}},"22":{"start":{"line":48,"column":21},"end":{"line":48,"column":33}},"23":{"start":{"line":49,"column":4},"end":{"line":49,"column":15}},"24":{"start":{"line":52,"column":21},"end":{"line":52,"column":22}},"25":{"start":{"line":53,"column":26},"end":{"line":53,"column":50}},"26":{"start":{"line":54,"column":29},"end":{"line":54,"column":57}},"27":{"start":{"line":56,"column":2},"end":{"line":58,"column":3}},"28":{"start":{"line":57,"column":4},"end":{"line":57,"column":73}},"29":{"start":{"line":61,"column":25},"end":{"line":61,"column":79}},"30":{"start":{"line":61,"column":50},"end":{"line":61,"column":78}},"31":{"start":{"line":62,"column":18},"end":{"line":62,"column":91}},"32":{"start":{"line":64,"column":13},"end":{"line":64,"column":54}},"33":{"start":{"line":64,"column":43},"end":{"line":64,"column":53}},"34":{"start":{"line":65,"column":14},"end":{"line":65,"column":33}},"35":{"start":{"line":67,"column":13},"end":{"line":67,"column":14}},"36":{"start":{"line":68,"column":18},"end":{"line":68,"column":21}},"37":{"start":{"line":69,"column":20},"end":{"line":69,"column":24}},"38":{"start":{"line":70,"column":18},"end":{"line":70,"column":23}},"39":{"start":{"line":72,"column":15},"end":{"line":72,"column":67}},"40":{"start":{"line":72,"column":46},"end":{"line":72,"column":66}},"41":{"start":{"line":73,"column":22},"end":{"line":73,"column":31}},"42":{"start":{"line":75,"column":2},"end":{"line":171,"column":3}},"43":{"start":{"line":76,"column":4},"end":{"line":76,"column":11}},"44":{"start":{"line":79,"column":16},"end":{"line":79,"column":17}},"45":{"start":{"line":80,"column":17},"end":{"line":80,"column":41}},"46":{"start":{"line":81,"column":35},"end":{"line":81,"column":37}},"47":{"start":{"line":83,"column":4},"end":{"line":127,"column":5}},"48":{"start":{"line":83,"column":17},"end":{"line":83,"column":18}},"49":{"start":{"line":84,"column":17},"end":{"line":84,"column":21}},"50":{"start":{"line":85,"column":17},"end":{"line":85,"column":21}},"51":{"start":{"line":86,"column":6},"end":{"line":86,"column":44}},"52":{"start":{"line":86,"column":35},"end":{"line":86,"column":44}},"53":{"start":{"line":87,"column":20},"end":{"line":87,"column":81}},"54":{"start":{"line":87,"column":49},"end":{"line":87,"column":77}},"55":{"start":{"line":90,"column":21},"end":{"line":90,"column":45}},"56":{"start":{"line":92,"column":6},"end":{"line":121,"column":7}},"57":{"start":{"line":94,"column":18},"end":{"line":94,"column":38}},"58":{"start":{"line":95,"column":23},"end":{"line":95,"column":83}},"59":{"start":{"line":96,"column":8},"end":{"line":96,"column":24}},"60":{"start":{"line":99,"column":8},"end":{"line":101,"column":9}},"61":{"start":{"line":99,"column":21},"end":{"line":99,"column":22}},"62":{"start":{"line":100,"column":10},"end":{"line":100,"column":49}},"63":{"start":{"line":103,"column":8},"end":{"line":103,"column":53}},"64":{"start":{"line":107,"column":18},"end":{"line":107,"column":42}},"65":{"start":{"line":108,"column":23},"end":{"line":108,"column":29}},"66":{"start":{"line":109,"column":23},"end":{"line":109,"column":46}},"67":{"start":{"line":110,"column":23},"end":{"line":110,"column":38}},"68":{"start":{"line":112,"column":23},"end":{"line":112,"column":39}},"69":{"start":{"line":113,"column":8},"end":{"line":113,"column":24}},"70":{"start":{"line":116,"column":8},"end":{"line":118,"column":9}},"71":{"start":{"line":116,"column":21},"end":{"line":116,"column":22}},"72":{"start":{"line":117,"column":10},"end":{"line":117,"column":55}},"73":{"start":{"line":120,"column":8},"end":{"line":120,"column":46}},"74":{"start":{"line":123,"column":6},"end":{"line":123,"column":30}},"75":{"start":{"line":124,"column":6},"end":{"line":126,"column":7}},"76":{"start":{"line":124,"column":19},"end":{"line":124,"column":20}},"77":{"start":{"line":125,"column":8},"end":{"line":125,"column":52}},"78":{"start":{"line":136,"column":4},"end":{"line":150,"column":5}},"79":{"start":{"line":138,"column":21},"end":{"line":138,"column":46}},"80":{"start":{"line":139,"column":6},"end":{"line":139,"column":25}},"81":{"start":{"line":140,"column":6},"end":{"line":140,"column":30}},"82":{"start":{"line":142,"column":6},"end":{"line":142,"column":67}},"83":{"start":{"line":142,"column":25},"end":{"line":142,"column":33}},"84":{"start":{"line":142,"column":36},"end":{"line":142,"column":67}},"85":{"start":{"line":145,"column":6},"end":{"line":145,"column":38}},"86":{"start":{"line":145,"column":27},"end":{"line":145,"column":36}},"87":{"start":{"line":146,"column":6},"end":{"line":149,"column":7}},"88":{"start":{"line":146,"column":19},"end":{"line":146,"column":20}},"89":{"start":{"line":147,"column":20},"end":{"line":147,"column":29}},"90":{"start":{"line":148,"column":8},"end":{"line":148,"column":30}},"91":{"start":{"line":148,"column":17},"end":{"line":148,"column":30}},"92":{"start":{"line":153,"column":21},"end":{"line":153,"column":71}},"93":{"start":{"line":153,"column":55},"end":{"line":153,"column":66}},"94":{"start":{"line":154,"column":20},"end":{"line":154,"column":59}},"95":{"start":{"line":157,"column":4},"end":{"line":159,"column":5}},"96":{"start":{"line":157,"column":17},"end":{"line":157,"column":18}},"97":{"start":{"line":158,"column":6},"end":{"line":158,"column":58}},"98":{"start":{"line":160,"column":4},"end":{"line":160,"column":64}},"99":{"start":{"line":163,"column":21},"end":{"line":163,"column":75}},"100":{"start":{"line":163,"column":55},"end":{"line":163,"column":66}},"101":{"start":{"line":164,"column":20},"end":{"line":164,"column":51}},"102":{"start":{"line":165,"column":4},"end":{"line":165,"column":26}},"103":{"start":{"line":167,"column":4},"end":{"line":170,"column":5}},"104":{"start":{"line":168,"column":6},"end":{"line":168,"column":23}},"105":{"start":{"line":169,"column":6},"end":{"line":169,"column":12}},"106":{"start":{"line":174,"column":17},"end":{"line":174,"column":60}},"107":{"start":{"line":175,"column":23},"end":{"line":191,"column":4}},"108":{"start":{"line":176,"column":21},"end":{"line":176,"column":53}},"109":{"start":{"line":177,"column":21},"end":{"line":177,"column":61}},"110":{"start":{"line":178,"column":18},"end":{"line":178,"column":47}},"111":{"start":{"line":179,"column":15},"end":{"line":179,"column":24}},"112":{"start":{"line":180,"column":19},"end":{"line":180,"column":68}},"113":{"start":{"line":182,"column":4},"end":{"line":190,"column":6}},"114":{"start":{"line":194,"column":13},"end":{"line":194,"column":22}},"115":{"start":{"line":195,"column":14},"end":{"line":195,"column":46}},"116":{"start":{"line":196,"column":14},"end":{"line":196,"column":56}},"117":{"start":{"line":198,"column":2},"end":{"line":213,"column":4}}},"fnMap":{"0":{"name":"phi","decl":{"start":{"line":8,"column":9},"end":{"line":8,"column":12}},"loc":{"start":{"line":8,"column":22},"end":{"line":10,"column":1}}},"1":{"name":"Phi","decl":{"start":{"line":13,"column":9},"end":{"line":13,"column":12}},"loc":{"start":{"line":13,"column":22},"end":{"line":15,"column":1}}},"2":{"name":"runTobitMLE","decl":{"start":{"line":17,"column":16},"end":{"line":17,"column":27}},"loc":{"start":{"line":21,"column":12},"end":{"line":214,"column":1}}},"3":{"name":"(anonymous_3)","decl":{"start":{"line":24,"column":43},"end":{"line":24,"column":46}},"loc":{"start":{"line":24,"column":49},"end":{"line":26,"column":3}}},"4":{"name":"(anonymous_4)","decl":{"start":{"line":25,"column":31},"end":{"line":25,"column":32}},"loc":{"start":{"line":25,"column":36},"end":{"line":25,"column":112}}},"5":{"name":"(anonymous_5)","decl":{"start":{"line":34,"column":29},"end":{"line":34,"column":32}},"loc":{"start":{"line":34,"column":36},"end":{"line":34,"column":57}}},"6":{"name":"(anonymous_6)","decl":{"start":{"line":35,"column":29},"end":{"line":35,"column":32}},"loc":{"start":{"line":35,"column":35},"end":{"line":38,"column":3}}},"7":{"name":"(anonymous_7)","decl":{"start":{"line":36,"column":32},"end":{"line":36,"column":33}},"loc":{"start":{"line":36,"column":37},"end":{"line":36,"column":55}}},"8":{"name":"(anonymous_8)","decl":{"start":{"line":42,"column":37},"end":{"line":42,"column":38}},"loc":{"start":{"line":42,"column":51},"end":{"line":45,"column":3}}},"9":{"name":"(anonymous_9)","decl":{"start":{"line":47,"column":35},"end":{"line":47,"column":36}},"loc":{"start":{"line":47,"column":49},"end":{"line":50,"column":3}}},"10":{"name":"(anonymous_10)","decl":{"start":{"line":61,"column":45},"end":{"line":61,"column":46}},"loc":{"start":{"line":61,"column":50},"end":{"line":61,"column":78}}},"11":{"name":"(anonymous_11)","decl":{"start":{"line":64,"column":38},"end":{"line":64,"column":39}},"loc":{"start":{"line":64,"column":43},"end":{"line":64,"column":53}}},"12":{"name":"(anonymous_12)","decl":{"start":{"line":72,"column":40},"end":{"line":72,"column":43}},"loc":{"start":{"line":72,"column":46},"end":{"line":72,"column":66}}},"13":{"name":"(anonymous_13)","decl":{"start":{"line":87,"column":30},"end":{"line":87,"column":31}},"loc":{"start":{"line":87,"column":49},"end":{"line":87,"column":77}}},"14":{"name":"(anonymous_14)","decl":{"start":{"line":142,"column":20},"end":{"line":142,"column":21}},"loc":{"start":{"line":142,"column":25},"end":{"line":142,"column":33}}},"15":{"name":"(anonymous_15)","decl":{"start":{"line":145,"column":22},"end":{"line":145,"column":23}},"loc":{"start":{"line":145,"column":27},"end":{"line":145,"column":36}}},"16":{"name":"(anonymous_16)","decl":{"start":{"line":153,"column":43},"end":{"line":153,"column":44}},"loc":{"start":{"line":153,"column":55},"end":{"line":153,"column":66}}},"17":{"name":"(anonymous_17)","decl":{"start":{"line":163,"column":43},"end":{"line":163,"column":44}},"loc":{"start":{"line":163,"column":55},"end":{"line":163,"column":66}}},"18":{"name":"(anonymous_18)","decl":{"start":{"line":175,"column":34},"end":{"line":175,"column":35}},"loc":{"start":{"line":175,"column":47},"end":{"line":191,"column":3}}}},"branchMap":{"0":{"loc":{"start":{"line":21,"column":2},"end":{"line":21,"column":12}},"type":"default-arg","locations":[{"start":{"line":21,"column":11},"end":{"line":21,"column":12}}]},"1":{"loc":{"start":{"line":24,"column":24},"end":{"line":24,"column":34}},"type":"binary-expr","locations":[{"start":{"line":24,"column":24},"end":{"line":24,"column":28}},{"start":{"line":24,"column":32},"end":{"line":24,"column":34}}]},"2":{"loc":{"start":{"line":25,"column":36},"end":{"line":25,"column":112}},"type":"binary-expr","locations":[{"start":{"line":25,"column":36},"end":{"line":25,"column":39}},{"start":{"line":25,"column":43},"end":{"line":25,"column":63}},{"start":{"line":25,"column":67},"end":{"line":25,"column":82}},{"start":{"line":25,"column":86},"end":{"line":25,"column":112}}]},"3":{"loc":{"start":{"line":29,"column":2},"end":{"line":31,"column":3}},"type":"if","locations":[{"start":{"line":29,"column":2},"end":{"line":31,"column":3}},{"start":{},"end":{}}]},"4":{"loc":{"start":{"line":43,"column":4},"end":{"line":43,"column":32}},"type":"if","locations":[{"start":{"line":43,"column":4},"end":{"line":43,"column":32}},{"start":{},"end":{}}]},"5":{"loc":{"start":{"line":48,"column":4},"end":{"line":48,"column":33}},"type":"if","locations":[{"start":{"line":48,"column":4},"end":{"line":48,"column":33}},{"start":{},"end":{}}]},"6":{"loc":{"start":{"line":56,"column":2},"end":{"line":58,"column":3}},"type":"if","locations":[{"start":{"line":56,"column":2},"end":{"line":58,"column":3}},{"start":{},"end":{}}]},"7":{"loc":{"start":{"line":65,"column":14},"end":{"line":65,"column":33}},"type":"binary-expr","locations":[{"start":{"line":65,"column":14},"end":{"line":65,"column":26}},{"start":{"line":65,"column":30},"end":{"line":65,"column":33}}]},"8":{"loc":{"start":{"line":86,"column":6},"end":{"line":86,"column":44}},"type":"if","locations":[{"start":{"line":86,"column":6},"end":{"line":86,"column":44}},{"start":{},"end":{}}]},"9":{"loc":{"start":{"line":86,"column":10},"end":{"line":86,"column":33}},"type":"binary-expr","locations":[{"start":{"line":86,"column":10},"end":{"line":86,"column":13}},{"start":{"line":86,"column":17},"end":{"line":86,"column":33}}]},"10":{"loc":{"start":{"line":87,"column":62},"end":{"line":87,"column":76}},"type":"binary-expr","locations":[{"start":{"line":87,"column":62},"end":{"line":87,"column":71}},{"start":{"line":87,"column":75},"end":{"line":87,"column":76}}]},"11":{"loc":{"start":{"line":92,"column":6},"end":{"line":121,"column":7}},"type":"if","locations":[{"start":{"line":92,"column":6},"end":{"line":121,"column":7}},{"start":{"line":105,"column":13},"end":{"line":121,"column":7}}]},"12":{"loc":{"start":{"line":100,"column":24},"end":{"line":100,"column":34}},"type":"binary-expr","locations":[{"start":{"line":100,"column":24},"end":{"line":100,"column":29}},{"start":{"line":100,"column":33},"end":{"line":100,"column":34}}]},"13":{"loc":{"start":{"line":117,"column":25},"end":{"line":117,"column":35}},"type":"binary-expr","locations":[{"start":{"line":117,"column":25},"end":{"line":117,"column":30}},{"start":{"line":117,"column":34},"end":{"line":117,"column":35}}]},"14":{"loc":{"start":{"line":125,"column":19},"end":{"line":125,"column":31}},"type":"binary-expr","locations":[{"start":{"line":125,"column":19},"end":{"line":125,"column":26}},{"start":{"line":125,"column":30},"end":{"line":125,"column":31}}]},"15":{"loc":{"start":{"line":125,"column":36},"end":{"line":125,"column":50}},"type":"binary-expr","locations":[{"start":{"line":125,"column":36},"end":{"line":125,"column":45}},{"start":{"line":125,"column":49},"end":{"line":125,"column":50}}]},"16":{"loc":{"start":{"line":142,"column":6},"end":{"line":142,"column":67}},"type":"if","locations":[{"start":{"line":142,"column":6},"end":{"line":142,"column":67}},{"start":{},"end":{}}]},"17":{"loc":{"start":{"line":148,"column":8},"end":{"line":148,"column":30}},"type":"if","locations":[{"start":{"line":148,"column":8},"end":{"line":148,"column":30}},{"start":{},"end":{}}]},"18":{"loc":{"start":{"line":154,"column":20},"end":{"line":154,"column":59}},"type":"cond-expr","locations":[{"start":{"line":154,"column":38},"end":{"line":154,"column":53}},{"start":{"line":154,"column":56},"end":{"line":154,"column":59}}]},"19":{"loc":{"start":{"line":158,"column":17},"end":{"line":158,"column":29}},"type":"binary-expr","locations":[{"start":{"line":158,"column":17},"end":{"line":158,"column":24}},{"start":{"line":158,"column":28},"end":{"line":158,"column":29}}]},"20":{"loc":{"start":{"line":158,"column":34},"end":{"line":158,"column":46}},"type":"binary-expr","locations":[{"start":{"line":158,"column":34},"end":{"line":158,"column":41}},{"start":{"line":158,"column":45},"end":{"line":158,"column":46}}]},"21":{"loc":{"start":{"line":160,"column":35},"end":{"line":160,"column":51}},"type":"binary-expr","locations":[{"start":{"line":160,"column":35},"end":{"line":160,"column":46}},{"start":{"line":160,"column":50},"end":{"line":160,"column":51}}]},"22":{"loc":{"start":{"line":167,"column":4},"end":{"line":170,"column":5}},"type":"if","locations":[{"start":{"line":167,"column":4},"end":{"line":170,"column":5}},{"start":{},"end":{}}]},"23":{"loc":{"start":{"line":167,"column":8},"end":{"line":167,"column":46}},"type":"binary-expr","locations":[{"start":{"line":167,"column":8},"end":{"line":167,"column":28}},{"start":{"line":167,"column":32},"end":{"line":167,"column":46}}]},"24":{"loc":{"start":{"line":176,"column":21},"end":{"line":176,"column":53}},"type":"cond-expr","locations":[{"start":{"line":176,"column":31},"end":{"line":176,"column":36}},{"start":{"line":176,"column":40},"end":{"line":176,"column":52}}]},"25":{"loc":{"start":{"line":176,"column":40},"end":{"line":176,"column":52}},"type":"binary-expr","locations":[{"start":{"line":176,"column":40},"end":{"line":176,"column":47}},{"start":{"line":176,"column":51},"end":{"line":176,"column":52}}]},"26":{"loc":{"start":{"line":177,"column":40},"end":{"line":177,"column":59}},"type":"binary-expr","locations":[{"start":{"line":177,"column":40},"end":{"line":177,"column":54}},{"start":{"line":177,"column":58},"end":{"line":177,"column":59}}]},"27":{"loc":{"start":{"line":178,"column":30},"end":{"line":178,"column":46}},"type":"binary-expr","locations":[{"start":{"line":178,"column":30},"end":{"line":178,"column":38}},{"start":{"line":178,"column":42},"end":{"line":178,"column":46}}]},"28":{"loc":{"start":{"line":200,"column":55},"end":{"line":200,"column":107}},"type":"binary-expr","locations":[{"start":{"line":200,"column":55},"end":{"line":200,"column":100}},{"start":{"line":200,"column":104},"end":{"line":200,"column":107}}]}},"s":{"0":0,"1":0,"2":0,"3":0,"4":0,"5":0,"6":0,"7":0,"8":0,"9":0,"10":0,"11":0,"12":0,"13":0,"14":0,"15":0,"16":0,"17":0,"18":0,"19":0,"20":0,"21":0,"22":0,"23":0,"24":0,"25":0,"26":0,"27":0,"28":0,"29":0,"30":0,"31":0,"32":0,"33":0,"34":0,"35":0,"36":0,"37":0,"38":0,"39":0,"40":0,"41":0,"42":0,"43":0,"44":0,"45":0,"46":0,"47":0,"48":0,"49":0,"50":0,"51":0,"52":0,"53":0,"54":0,"55":0,"56":0,"57":0,"58":0,"59":0,"60":0,"61":0,"62":0,"63":0,"64":0,"65":0,"66":0,"67":0,"68":0,"69":0,"70":0,"71":0,"72":0,"73":0,"74":0,"75":0,"76":0,"77":0,"78":0,"79":0,"80":0,"81":0,"82":0,"83":0,"84":0,"85":0,"86":0,"87":0,"88":0,"89":0,"90":0,"91":0,"92":0,"93":0,"94":0,"95":0,"96":0,"97":0,"98":0,"99":0,"100":0,"101":0,"102":0,"103":0,"104":0,"105":0,"106":0,"107":0,"108":0,"109":0,"110":0,"111":0,"112":0,"113":0,"114":0,"115":0,"116":0,"117":0},"f":{"0":0,"1":0,"2":0,"3":0,"4":0,"5":0,"6":0,"7":0,"8":0,"9":0,"10":0,"11":0,"12":0,"13":0,"14":0,"15":0,"16":0,"17":0,"18":0},"b":{"0":[0],"1":[0,0],"2":[0,0,0,0],"3":[0,0],"4":[0,0],"5":[0,0],"6":[0,0],"7":[0,0],"8":[0,0],"9":[0,0],"10":[0,0],"11":[0,0],"12":[0,0],"13":[0,0],"14":[0,0],"15":[0,0],"16":[0,0],"17":[0,0],"18":[0,0],"19":[0,0],"20":[0,0],"21":[0,0],"22":[0,0],"23":[0,0],"24":[0,0],"25":[0,0],"26":[0,0],"27":[0,0],"28":[0,0]}},"/app/applet/src/lib/econometrics/tests/fixtures/grunfeld.ts":{"path":"/app/applet/src/lib/econometrics/tests/fixtures/grunfeld.ts","statementMap":{"0":{"start":{"line":1,"column":29},"end":{"line":1762,"column":2}}},"fnMap":{},"branchMap":{},"s":{"0":0},"f":{},"b":{}},"/app/applet/src/lib/econometrics/tests/fixtures/mroz.ts":{"path":"/app/applet/src/lib/econometrics/tests/fixtures/mroz.ts","statementMap":{"0":{"start":{"line":1,"column":25},"end":{"line":15815,"column":2}}},"fnMap":{},"branchMap":{},"s":{"0":0},"f":{},"b":{}}}}
